[debug] [2025-04-12T01:37:44.297Z] ----------------------------------------------------------------------
[debug] [2025-04-12T01:37:44.303Z] Command:       C:\Program Files\nodejs\node.exe C:\Users\reny1\AppData\Roaming\npm\node_modules\firebase-tools\lib\bin\firebase.js deploy --only functions
[debug] [2025-04-12T01:37:44.304Z] CLI Version:   13.33.0
[debug] [2025-04-12T01:37:44.304Z] Platform:      win32
[debug] [2025-04-12T01:37:44.304Z] Node Version:  v20.13.1
[debug] [2025-04-12T01:37:44.304Z] Time:          Fri Apr 11 2025 19:37:44 GMT-0600 (hora estándar central)
[debug] [2025-04-12T01:37:44.304Z] ----------------------------------------------------------------------
[debug] 
[debug] [2025-04-12T01:37:44.312Z] >>> [apiv2][query] GET https://firebase-public.firebaseio.com/cli.json [none]
[debug] [2025-04-12T01:37:44.735Z] > command requires scopes: ["email","openid","https://www.googleapis.com/auth/cloudplatformprojects.readonly","https://www.googleapis.com/auth/firebase","https://www.googleapis.com/auth/cloud-platform"]
[debug] [2025-04-12T01:37:44.735Z] > authorizing via signed-in user (2021371058@uteq.edu.mx)
[debug] [2025-04-12T01:37:44.736Z] [iam] checking project autolavado-38624 for permissions ["cloudfunctions.functions.create","cloudfunctions.functions.delete","cloudfunctions.functions.get","cloudfunctions.functions.list","cloudfunctions.functions.update","cloudfunctions.operations.get","firebase.projects.get"]
[debug] [2025-04-12T01:37:44.737Z] Checked if tokens are valid: false, expires at: 1743985874758
[debug] [2025-04-12T01:37:44.738Z] Checked if tokens are valid: false, expires at: 1743985874758
[debug] [2025-04-12T01:37:44.739Z] > refreshing access token with scopes: []
[debug] [2025-04-12T01:37:44.741Z] >>> [apiv2][query] POST https://www.googleapis.com/oauth2/v3/token [none]
[debug] [2025-04-12T01:37:44.741Z] >>> [apiv2][body] POST https://www.googleapis.com/oauth2/v3/token [omitted]
[debug] [2025-04-12T01:37:44.966Z] <<< [apiv2][status] GET https://firebase-public.firebaseio.com/cli.json 200
[debug] [2025-04-12T01:37:44.966Z] <<< [apiv2][body] GET https://firebase-public.firebaseio.com/cli.json {"cloudBuildErrorAfter":1594252800000,"cloudBuildWarnAfter":1590019200000,"defaultNode10After":1594252800000,"minVersion":"3.0.5","node8DeploysDisabledAfter":1613390400000,"node8RuntimeDisabledAfter":1615809600000,"node8WarnAfter":1600128000000}
[debug] [2025-04-12T01:37:44.983Z] <<< [apiv2][status] POST https://www.googleapis.com/oauth2/v3/token 200
[debug] [2025-04-12T01:37:44.983Z] <<< [apiv2][body] POST https://www.googleapis.com/oauth2/v3/token [omitted]
[debug] [2025-04-12T01:37:44.995Z] >>> [apiv2][query] POST https://cloudresourcemanager.googleapis.com/v1/projects/autolavado-38624:testIamPermissions [none]
[debug] [2025-04-12T01:37:44.995Z] >>> [apiv2][(partial)header] POST https://cloudresourcemanager.googleapis.com/v1/projects/autolavado-38624:testIamPermissions x-goog-quota-user=projects/autolavado-38624
[debug] [2025-04-12T01:37:44.995Z] >>> [apiv2][body] POST https://cloudresourcemanager.googleapis.com/v1/projects/autolavado-38624:testIamPermissions {"permissions":["cloudfunctions.functions.create","cloudfunctions.functions.delete","cloudfunctions.functions.get","cloudfunctions.functions.list","cloudfunctions.functions.update","cloudfunctions.operations.get","firebase.projects.get"]}
[debug] [2025-04-12T01:37:45.400Z] <<< [apiv2][status] POST https://cloudresourcemanager.googleapis.com/v1/projects/autolavado-38624:testIamPermissions 200
[debug] [2025-04-12T01:37:45.401Z] <<< [apiv2][body] POST https://cloudresourcemanager.googleapis.com/v1/projects/autolavado-38624:testIamPermissions {"permissions":["cloudfunctions.functions.create","cloudfunctions.functions.delete","cloudfunctions.functions.get","cloudfunctions.functions.list","cloudfunctions.functions.update","cloudfunctions.operations.get","firebase.projects.get"]}
[debug] [2025-04-12T01:37:45.401Z] Checked if tokens are valid: true, expires at: 1744425463984
[debug] [2025-04-12T01:37:45.401Z] Checked if tokens are valid: true, expires at: 1744425463984
[debug] [2025-04-12T01:37:45.401Z] >>> [apiv2][query] POST https://iam.googleapis.com/v1/projects/autolavado-38624/serviceAccounts/autolavado-38624@appspot.gserviceaccount.com:testIamPermissions [none]
[debug] [2025-04-12T01:37:45.401Z] >>> [apiv2][body] POST https://iam.googleapis.com/v1/projects/autolavado-38624/serviceAccounts/autolavado-38624@appspot.gserviceaccount.com:testIamPermissions {"permissions":["iam.serviceAccounts.actAs"]}
[debug] [2025-04-12T01:37:45.810Z] <<< [apiv2][status] POST https://iam.googleapis.com/v1/projects/autolavado-38624/serviceAccounts/autolavado-38624@appspot.gserviceaccount.com:testIamPermissions 200
[debug] [2025-04-12T01:37:45.810Z] <<< [apiv2][body] POST https://iam.googleapis.com/v1/projects/autolavado-38624/serviceAccounts/autolavado-38624@appspot.gserviceaccount.com:testIamPermissions {"permissions":["iam.serviceAccounts.actAs"]}
[info] 
[info] === Deploying to 'autolavado-38624'...
[info] 
[info] i  deploying functions 
[info] Running command: npm --prefix "$RESOURCE_DIR" run lint
[info] +  functions: Finished running predeploy script. 
[debug] [2025-04-12T01:37:48.738Z] Checked if tokens are valid: true, expires at: 1744425463984
[debug] [2025-04-12T01:37:48.739Z] Checked if tokens are valid: true, expires at: 1744425463984
[debug] [2025-04-12T01:37:48.739Z] >>> [apiv2][query] GET https://cloudresourcemanager.googleapis.com/v1/projects/autolavado-38624 [none]
[debug] [2025-04-12T01:37:48.866Z] <<< [apiv2][status] GET https://cloudresourcemanager.googleapis.com/v1/projects/autolavado-38624 200
[debug] [2025-04-12T01:37:48.866Z] <<< [apiv2][body] GET https://cloudresourcemanager.googleapis.com/v1/projects/autolavado-38624 {"projectNumber":"64672048056","projectId":"autolavado-38624","lifecycleState":"ACTIVE","name":"Autolavado","labels":{"firebase":"enabled","firebase-core":"disabled"},"createTime":"2025-02-25T17:24:20.688903Z","parent":{"type":"organization","id":"567567824885"}}
[info] i  functions: preparing codebase default for deployment 
[info] i  functions: ensuring required API cloudfunctions.googleapis.com is enabled... 
[debug] [2025-04-12T01:37:48.869Z] Checked if tokens are valid: true, expires at: 1744425463984
[debug] [2025-04-12T01:37:48.869Z] Checked if tokens are valid: true, expires at: 1744425463984
[debug] [2025-04-12T01:37:48.869Z] Checked if tokens are valid: true, expires at: 1744425463984
[debug] [2025-04-12T01:37:48.869Z] Checked if tokens are valid: true, expires at: 1744425463984
[info] i  functions: ensuring required API cloudbuild.googleapis.com is enabled... 
[debug] [2025-04-12T01:37:48.870Z] Checked if tokens are valid: true, expires at: 1744425463984
[debug] [2025-04-12T01:37:48.870Z] Checked if tokens are valid: true, expires at: 1744425463984
[info] i  artifactregistry: ensuring required API artifactregistry.googleapis.com is enabled... 
[debug] [2025-04-12T01:37:48.870Z] Checked if tokens are valid: true, expires at: 1744425463984
[debug] [2025-04-12T01:37:48.870Z] Checked if tokens are valid: true, expires at: 1744425463984
[debug] [2025-04-12T01:37:48.871Z] >>> [apiv2][query] GET https://serviceusage.googleapis.com/v1/projects/autolavado-38624/services/cloudfunctions.googleapis.com [none]
[debug] [2025-04-12T01:37:48.871Z] >>> [apiv2][(partial)header] GET https://serviceusage.googleapis.com/v1/projects/autolavado-38624/services/cloudfunctions.googleapis.com x-goog-quota-user=projects/autolavado-38624
[debug] [2025-04-12T01:37:48.872Z] >>> [apiv2][query] GET https://serviceusage.googleapis.com/v1/projects/autolavado-38624/services/runtimeconfig.googleapis.com [none]
[debug] [2025-04-12T01:37:48.873Z] >>> [apiv2][(partial)header] GET https://serviceusage.googleapis.com/v1/projects/autolavado-38624/services/runtimeconfig.googleapis.com x-goog-quota-user=projects/autolavado-38624
[debug] [2025-04-12T01:37:48.874Z] >>> [apiv2][query] GET https://serviceusage.googleapis.com/v1/projects/autolavado-38624/services/cloudbuild.googleapis.com [none]
[debug] [2025-04-12T01:37:48.874Z] >>> [apiv2][(partial)header] GET https://serviceusage.googleapis.com/v1/projects/autolavado-38624/services/cloudbuild.googleapis.com x-goog-quota-user=projects/autolavado-38624
[debug] [2025-04-12T01:37:48.877Z] >>> [apiv2][query] GET https://serviceusage.googleapis.com/v1/projects/autolavado-38624/services/artifactregistry.googleapis.com [none]
[debug] [2025-04-12T01:37:48.877Z] >>> [apiv2][(partial)header] GET https://serviceusage.googleapis.com/v1/projects/autolavado-38624/services/artifactregistry.googleapis.com x-goog-quota-user=projects/autolavado-38624
[debug] [2025-04-12T01:37:49.361Z] <<< [apiv2][status] GET https://serviceusage.googleapis.com/v1/projects/autolavado-38624/services/cloudfunctions.googleapis.com 200
[debug] [2025-04-12T01:37:49.361Z] <<< [apiv2][body] GET https://serviceusage.googleapis.com/v1/projects/autolavado-38624/services/cloudfunctions.googleapis.com [omitted]
[info] +  functions: required API cloudfunctions.googleapis.com is enabled 
[debug] [2025-04-12T01:37:49.393Z] <<< [apiv2][status] GET https://serviceusage.googleapis.com/v1/projects/autolavado-38624/services/runtimeconfig.googleapis.com 200
[debug] [2025-04-12T01:37:49.394Z] <<< [apiv2][body] GET https://serviceusage.googleapis.com/v1/projects/autolavado-38624/services/runtimeconfig.googleapis.com [omitted]
[debug] [2025-04-12T01:37:49.467Z] <<< [apiv2][status] GET https://serviceusage.googleapis.com/v1/projects/autolavado-38624/services/cloudbuild.googleapis.com 200
[debug] [2025-04-12T01:37:49.467Z] <<< [apiv2][body] GET https://serviceusage.googleapis.com/v1/projects/autolavado-38624/services/cloudbuild.googleapis.com [omitted]
[info] +  functions: required API cloudbuild.googleapis.com is enabled 
[debug] [2025-04-12T01:37:49.618Z] <<< [apiv2][status] GET https://serviceusage.googleapis.com/v1/projects/autolavado-38624/services/artifactregistry.googleapis.com 200
[debug] [2025-04-12T01:37:49.618Z] <<< [apiv2][body] GET https://serviceusage.googleapis.com/v1/projects/autolavado-38624/services/artifactregistry.googleapis.com [omitted]
[info] +  artifactregistry: required API artifactregistry.googleapis.com is enabled 
[debug] [2025-04-12T01:37:49.619Z] Checked if tokens are valid: true, expires at: 1744425463984
[debug] [2025-04-12T01:37:49.619Z] Checked if tokens are valid: true, expires at: 1744425463984
[debug] [2025-04-12T01:37:49.620Z] >>> [apiv2][query] GET https://firebase.googleapis.com/v1beta1/projects/autolavado-38624/adminSdkConfig [none]
[debug] [2025-04-12T01:37:49.918Z] <<< [apiv2][status] GET https://firebase.googleapis.com/v1beta1/projects/autolavado-38624/adminSdkConfig 200
[debug] [2025-04-12T01:37:49.919Z] <<< [apiv2][body] GET https://firebase.googleapis.com/v1beta1/projects/autolavado-38624/adminSdkConfig {"projectId":"autolavado-38624","databaseURL":"https://autolavado-38624-default-rtdb.firebaseio.com","storageBucket":"autolavado-38624.firebasestorage.app"}
[debug] [2025-04-12T01:37:49.919Z] Checked if tokens are valid: true, expires at: 1744425463984
[debug] [2025-04-12T01:37:49.919Z] Checked if tokens are valid: true, expires at: 1744425463984
[debug] [2025-04-12T01:37:49.919Z] >>> [apiv2][query] GET https://runtimeconfig.googleapis.com/v1beta1/projects/autolavado-38624/configs [none]
[debug] [2025-04-12T01:37:50.213Z] <<< [apiv2][status] GET https://runtimeconfig.googleapis.com/v1beta1/projects/autolavado-38624/configs 200
[debug] [2025-04-12T01:37:50.213Z] <<< [apiv2][body] GET https://runtimeconfig.googleapis.com/v1beta1/projects/autolavado-38624/configs {"configs":[{"name":"projects/autolavado-38624/configs/google"}]}
[debug] [2025-04-12T01:37:50.214Z] Checked if tokens are valid: true, expires at: 1744425463984
[debug] [2025-04-12T01:37:50.214Z] Checked if tokens are valid: true, expires at: 1744425463984
[debug] [2025-04-12T01:37:50.214Z] >>> [apiv2][query] GET https://runtimeconfig.googleapis.com/v1beta1/projects/autolavado-38624/configs/google/variables [none]
[debug] [2025-04-12T01:37:50.388Z] <<< [apiv2][status] GET https://runtimeconfig.googleapis.com/v1beta1/projects/autolavado-38624/configs/google/variables 200
[debug] [2025-04-12T01:37:50.389Z] <<< [apiv2][body] GET https://runtimeconfig.googleapis.com/v1beta1/projects/autolavado-38624/configs/google/variables {"variables":[{"name":"projects/autolavado-38624/configs/google/variables/credentials","updateTime":"2025-03-05T07:46:43.456148174Z"}]}
[debug] [2025-04-12T01:37:50.389Z] Checked if tokens are valid: true, expires at: 1744425463984
[debug] [2025-04-12T01:37:50.390Z] Checked if tokens are valid: true, expires at: 1744425463984
[debug] [2025-04-12T01:37:50.390Z] >>> [apiv2][query] GET https://runtimeconfig.googleapis.com/v1beta1/projects/autolavado-38624/configs/google/variables/credentials [none]
[debug] [2025-04-12T01:37:50.520Z] <<< [apiv2][status] GET https://runtimeconfig.googleapis.com/v1beta1/projects/autolavado-38624/configs/google/variables/credentials 200
[debug] [2025-04-12T01:37:50.520Z] <<< [apiv2][body] GET https://runtimeconfig.googleapis.com/v1beta1/projects/autolavado-38624/configs/google/variables/credentials {"name":"projects/autolavado-38624/configs/google/variables/credentials","updateTime":"2025-03-05T07:46:43.456148174Z"}
[debug] [2025-04-12T01:37:50.524Z] Validating nodejs source
[debug] [2025-04-12T01:37:52.439Z] > [functions] package.json contents: {
  "name": "functions",
  "description": "Cloud Functions for Firebase",
  "main": "index.js",
  "scripts": {
    "lint": "eslint .",
    "serve": "firebase emulators:start --only functions",
    "shell": "firebase functions:shell",
    "start": "npm run shell",
    "deploy": "firebase deploy --only functions",
    "logs": "firebase functions:log"
  },
  "engines": {
    "node": "22"
  },
  "dependencies": {
    "bcryptjs": "^3.0.2",
    "cors": "^2.8.5",
    "firebase-admin": "^12.6.0",
    "firebase-functions": "^6.0.1",
    "jsonwebtoken": "^9.0.2"
  },
  "devDependencies": {
    "eslint": "^8.15.0",
    "eslint-config-google": "^0.14.0",
    "firebase-functions-test": "^3.1.0"
  },
  "private": true
}
[debug] [2025-04-12T01:37:52.440Z] Building nodejs source
[info] i  functions: Loading and analyzing source code for codebase default to determine what to deploy 
[debug] [2025-04-12T01:37:52.442Z] Could not find functions.yaml. Must use http discovery
[debug] [2025-04-12T01:37:52.458Z] Found firebase-functions binary at 'C:\Users\reny1\Documents\10mo cuatri\desarrollomovil\cloud_funcion\functions\node_modules\.bin\firebase-functions'
[info] Serving at port 8253

[debug] [2025-04-12T01:37:54.315Z] Got response from /__/functions.yaml {"endpoints":{"api":{"availableMemoryMb":null,"timeoutSeconds":null,"minInstances":null,"maxInstances":null,"ingressSettings":null,"concurrency":null,"serviceAccountEmail":null,"vpc":null,"platform":"gcfv2","labels":{},"httpsTrigger":{},"entryPoint":"api"}},"specVersion":"v1alpha1","requiredAPIs":[],"extensions":{}}
[info] i  extensions: ensuring required API firebaseextensions.googleapis.com is enabled... 
[debug] [2025-04-12T01:37:59.375Z] Checked if tokens are valid: true, expires at: 1744425463984
[debug] [2025-04-12T01:37:59.376Z] Checked if tokens are valid: true, expires at: 1744425463984
[debug] [2025-04-12T01:37:59.376Z] >>> [apiv2][query] GET https://serviceusage.googleapis.com/v1/projects/autolavado-38624/services/firebaseextensions.googleapis.com [none]
[debug] [2025-04-12T01:37:59.376Z] >>> [apiv2][(partial)header] GET https://serviceusage.googleapis.com/v1/projects/autolavado-38624/services/firebaseextensions.googleapis.com x-goog-quota-user=projects/autolavado-38624
[debug] [2025-04-12T01:37:59.709Z] <<< [apiv2][status] GET https://serviceusage.googleapis.com/v1/projects/autolavado-38624/services/firebaseextensions.googleapis.com 200
[debug] [2025-04-12T01:37:59.709Z] <<< [apiv2][body] GET https://serviceusage.googleapis.com/v1/projects/autolavado-38624/services/firebaseextensions.googleapis.com [omitted]
[info] +  extensions: required API firebaseextensions.googleapis.com is enabled 
[debug] [2025-04-12T01:37:59.710Z] > command requires scopes: ["email","openid","https://www.googleapis.com/auth/cloudplatformprojects.readonly","https://www.googleapis.com/auth/firebase","https://www.googleapis.com/auth/cloud-platform"]
[debug] [2025-04-12T01:37:59.710Z] > authorizing via signed-in user (2021371058@uteq.edu.mx)
[debug] [2025-04-12T01:37:59.710Z] [iam] checking project autolavado-38624 for permissions ["firebase.projects.get","firebaseextensions.instances.list"]
[debug] [2025-04-12T01:37:59.710Z] Checked if tokens are valid: true, expires at: 1744425463984
[debug] [2025-04-12T01:37:59.710Z] Checked if tokens are valid: true, expires at: 1744425463984
[debug] [2025-04-12T01:37:59.710Z] >>> [apiv2][query] POST https://cloudresourcemanager.googleapis.com/v1/projects/autolavado-38624:testIamPermissions [none]
[debug] [2025-04-12T01:37:59.710Z] >>> [apiv2][(partial)header] POST https://cloudresourcemanager.googleapis.com/v1/projects/autolavado-38624:testIamPermissions x-goog-quota-user=projects/autolavado-38624
[debug] [2025-04-12T01:37:59.711Z] >>> [apiv2][body] POST https://cloudresourcemanager.googleapis.com/v1/projects/autolavado-38624:testIamPermissions {"permissions":["firebase.projects.get","firebaseextensions.instances.list"]}
[debug] [2025-04-12T01:38:00.056Z] <<< [apiv2][status] POST https://cloudresourcemanager.googleapis.com/v1/projects/autolavado-38624:testIamPermissions 200
[debug] [2025-04-12T01:38:00.056Z] <<< [apiv2][body] POST https://cloudresourcemanager.googleapis.com/v1/projects/autolavado-38624:testIamPermissions {"permissions":["firebase.projects.get","firebaseextensions.instances.list"]}
[debug] [2025-04-12T01:38:00.057Z] Checked if tokens are valid: true, expires at: 1744425463984
[debug] [2025-04-12T01:38:00.057Z] Checked if tokens are valid: true, expires at: 1744425463984
[debug] [2025-04-12T01:38:00.058Z] >>> [apiv2][query] GET https://firebaseextensions.googleapis.com/v1beta/projects/autolavado-38624/instances pageSize=100&pageToken=
[debug] [2025-04-12T01:38:00.605Z] <<< [apiv2][status] GET https://firebaseextensions.googleapis.com/v1beta/projects/autolavado-38624/instances 200
[debug] [2025-04-12T01:38:00.605Z] <<< [apiv2][body] GET https://firebaseextensions.googleapis.com/v1beta/projects/autolavado-38624/instances {}
[info] i  functions: preparing functions directory for uploading... 
[info] i  functions: packaged C:\Users\reny1\Documents\10mo cuatri\desarrollomovil\cloud_funcion\functions (117.72 KB) for uploading 
[debug] [2025-04-12T01:38:00.837Z] Checked if tokens are valid: true, expires at: 1744425463984
[debug] [2025-04-12T01:38:00.838Z] Checked if tokens are valid: true, expires at: 1744425463984
[debug] [2025-04-12T01:38:00.838Z] >>> [apiv2][query] GET https://cloudfunctions.googleapis.com/v1/projects/autolavado-38624/locations/-/functions [none]
[debug] [2025-04-12T01:38:01.550Z] <<< [apiv2][status] GET https://cloudfunctions.googleapis.com/v1/projects/autolavado-38624/locations/-/functions 200
[debug] [2025-04-12T01:38:01.551Z] <<< [apiv2][body] GET https://cloudfunctions.googleapis.com/v1/projects/autolavado-38624/locations/-/functions {}
[debug] [2025-04-12T01:38:01.551Z] Checked if tokens are valid: true, expires at: 1744425463984
[debug] [2025-04-12T01:38:01.551Z] Checked if tokens are valid: true, expires at: 1744425463984
[debug] [2025-04-12T01:38:01.551Z] >>> [apiv2][query] GET https://cloudfunctions.googleapis.com/v2/projects/autolavado-38624/locations/-/functions filter=environment%3D%22GEN_2%22
[debug] [2025-04-12T01:38:01.962Z] <<< [apiv2][status] GET https://cloudfunctions.googleapis.com/v2/projects/autolavado-38624/locations/-/functions 200
[debug] [2025-04-12T01:38:01.962Z] <<< [apiv2][body] GET https://cloudfunctions.googleapis.com/v2/projects/autolavado-38624/locations/-/functions {"functions":[{"name":"projects/autolavado-38624/locations/us-central1/functions/api","buildConfig":{"build":"projects/64672048056/locations/us-central1/builds/ed8181be-2d7f-4b44-a019-c9435cd2b363","runtime":"nodejs22","entryPoint":"api","source":{"storageSource":{"bucket":"gcf-v2-sources-64672048056-us-central1","object":"api/function-source.zip","generation":"1743632238442696"}},"environmentVariables":{"GOOGLE_NODE_RUN_SCRIPTS":""},"dockerRepository":"projects/autolavado-38624/locations/us-central1/repositories/gcf-artifacts","sourceProvenance":{"resolvedStorageSource":{"bucket":"gcf-v2-sources-64672048056-us-central1","object":"api/function-source.zip","generation":"1743632238442696"}},"dockerRegistry":"ARTIFACT_REGISTRY","serviceAccount":"projects/autolavado-38624/serviceAccounts/64672048056-compute@developer.gserviceaccount.com","automaticUpdatePolicy":{}},"serviceConfig":{"service":"projects/autolavado-38624/locations/us-central1/services/api","timeoutSeconds":60,"environmentVariables":{"FIREBASE_CONFIG":"{\"projectId\":\"autolavado-38624\",\"databaseURL\":\"https://autolavado-38624-default-rtdb.firebaseio.com\",\"storageBucket\":\"autolavado-38624.firebasestorage.app\"}","GCLOUD_PROJECT":"autolavado-38624","EVENTARC_CLOUD_EVENT_SOURCE":"projects/autolavado-38624/locations/us-central1/services/api","FUNCTION_TARGET":"api","LOG_EXECUTION_ID":"true"},"maxInstanceCount":3,"ingressSettings":"ALLOW_ALL","uri":"https://api-cog73kiucq-uc.a.run.app","serviceAccountEmail":"64672048056-compute@developer.gserviceaccount.com","availableMemory":"256Mi","allTrafficOnLatestRevision":true,"revision":"api-00030-muz","maxInstanceRequestConcurrency":80,"availableCpu":"1"},"state":"ACTIVE","updateTime":"2025-04-02T22:18:07.271905822Z","labels":{"deployment-tool":"cli-firebase","firebase-functions-hash":"0d695529fe9735b5b9b22a22598c43e2c884f09a"},"environment":"GEN_2","url":"https://us-central1-autolavado-38624.cloudfunctions.net/api","createTime":"2025-03-20T05:48:14.134730574Z","satisfiesPzi":true}]}
[info] i  functions: ensuring required API run.googleapis.com is enabled... 
[debug] [2025-04-12T01:38:01.966Z] Checked if tokens are valid: true, expires at: 1744425463984
[debug] [2025-04-12T01:38:01.967Z] Checked if tokens are valid: true, expires at: 1744425463984
[info] i  functions: ensuring required API eventarc.googleapis.com is enabled... 
[debug] [2025-04-12T01:38:01.967Z] Checked if tokens are valid: true, expires at: 1744425463984
[debug] [2025-04-12T01:38:01.967Z] Checked if tokens are valid: true, expires at: 1744425463984
[info] i  functions: ensuring required API pubsub.googleapis.com is enabled... 
[debug] [2025-04-12T01:38:01.968Z] Checked if tokens are valid: true, expires at: 1744425463984
[debug] [2025-04-12T01:38:01.968Z] Checked if tokens are valid: true, expires at: 1744425463984
[info] i  functions: ensuring required API storage.googleapis.com is enabled... 
[debug] [2025-04-12T01:38:01.968Z] Checked if tokens are valid: true, expires at: 1744425463984
[debug] [2025-04-12T01:38:01.968Z] Checked if tokens are valid: true, expires at: 1744425463984
[debug] [2025-04-12T01:38:01.968Z] >>> [apiv2][query] GET https://serviceusage.googleapis.com/v1/projects/autolavado-38624/services/run.googleapis.com [none]
[debug] [2025-04-12T01:38:01.968Z] >>> [apiv2][(partial)header] GET https://serviceusage.googleapis.com/v1/projects/autolavado-38624/services/run.googleapis.com x-goog-quota-user=projects/autolavado-38624
[debug] [2025-04-12T01:38:01.969Z] >>> [apiv2][query] GET https://serviceusage.googleapis.com/v1/projects/autolavado-38624/services/eventarc.googleapis.com [none]
[debug] [2025-04-12T01:38:01.969Z] >>> [apiv2][(partial)header] GET https://serviceusage.googleapis.com/v1/projects/autolavado-38624/services/eventarc.googleapis.com x-goog-quota-user=projects/autolavado-38624
[debug] [2025-04-12T01:38:01.971Z] >>> [apiv2][query] GET https://serviceusage.googleapis.com/v1/projects/autolavado-38624/services/pubsub.googleapis.com [none]
[debug] [2025-04-12T01:38:01.971Z] >>> [apiv2][(partial)header] GET https://serviceusage.googleapis.com/v1/projects/autolavado-38624/services/pubsub.googleapis.com x-goog-quota-user=projects/autolavado-38624
[debug] [2025-04-12T01:38:01.972Z] >>> [apiv2][query] GET https://serviceusage.googleapis.com/v1/projects/autolavado-38624/services/storage.googleapis.com [none]
[debug] [2025-04-12T01:38:01.973Z] >>> [apiv2][(partial)header] GET https://serviceusage.googleapis.com/v1/projects/autolavado-38624/services/storage.googleapis.com x-goog-quota-user=projects/autolavado-38624
[debug] [2025-04-12T01:38:02.093Z] <<< [apiv2][status] GET https://serviceusage.googleapis.com/v1/projects/autolavado-38624/services/run.googleapis.com 200
[debug] [2025-04-12T01:38:02.093Z] <<< [apiv2][body] GET https://serviceusage.googleapis.com/v1/projects/autolavado-38624/services/run.googleapis.com [omitted]
[info] +  functions: required API run.googleapis.com is enabled 
[debug] [2025-04-12T01:38:02.370Z] <<< [apiv2][status] GET https://serviceusage.googleapis.com/v1/projects/autolavado-38624/services/eventarc.googleapis.com 200
[debug] [2025-04-12T01:38:02.370Z] <<< [apiv2][body] GET https://serviceusage.googleapis.com/v1/projects/autolavado-38624/services/eventarc.googleapis.com [omitted]
[info] +  functions: required API eventarc.googleapis.com is enabled 
[debug] [2025-04-12T01:38:02.371Z] <<< [apiv2][status] GET https://serviceusage.googleapis.com/v1/projects/autolavado-38624/services/storage.googleapis.com 200
[debug] [2025-04-12T01:38:02.371Z] <<< [apiv2][body] GET https://serviceusage.googleapis.com/v1/projects/autolavado-38624/services/storage.googleapis.com [omitted]
[info] +  functions: required API storage.googleapis.com is enabled 
[debug] [2025-04-12T01:38:02.373Z] <<< [apiv2][status] GET https://serviceusage.googleapis.com/v1/projects/autolavado-38624/services/pubsub.googleapis.com 200
[debug] [2025-04-12T01:38:02.373Z] <<< [apiv2][body] GET https://serviceusage.googleapis.com/v1/projects/autolavado-38624/services/pubsub.googleapis.com [omitted]
[info] +  functions: required API pubsub.googleapis.com is enabled 
[info] i  functions: generating the service identity for pubsub.googleapis.com... 
[debug] [2025-04-12T01:38:02.375Z] Checked if tokens are valid: true, expires at: 1744425463984
[debug] [2025-04-12T01:38:02.375Z] Checked if tokens are valid: true, expires at: 1744425463984
[info] i  functions: generating the service identity for eventarc.googleapis.com... 
[debug] [2025-04-12T01:38:02.376Z] Checked if tokens are valid: true, expires at: 1744425463984
[debug] [2025-04-12T01:38:02.376Z] Checked if tokens are valid: true, expires at: 1744425463984
[debug] [2025-04-12T01:38:02.376Z] >>> [apiv2][query] POST https://serviceusage.googleapis.com/v1beta1/projects/64672048056/services/pubsub.googleapis.com:generateServiceIdentity [none]
[debug] [2025-04-12T01:38:02.377Z] >>> [apiv2][query] POST https://serviceusage.googleapis.com/v1beta1/projects/64672048056/services/eventarc.googleapis.com:generateServiceIdentity [none]
[debug] [2025-04-12T01:38:02.609Z] <<< [apiv2][status] POST https://serviceusage.googleapis.com/v1beta1/projects/64672048056/services/pubsub.googleapis.com:generateServiceIdentity 200
[debug] [2025-04-12T01:38:02.609Z] <<< [apiv2][body] POST https://serviceusage.googleapis.com/v1beta1/projects/64672048056/services/pubsub.googleapis.com:generateServiceIdentity {"name":"operations/finished.DONE_OPERATION","done":true,"response":{"@type":"type.googleapis.com/google.api.serviceusage.v1beta1.ServiceIdentity","email":"service-64672048056@gcp-sa-pubsub.iam.gserviceaccount.com","uniqueId":"103313247411672784745"}}
[debug] [2025-04-12T01:38:02.778Z] <<< [apiv2][status] POST https://serviceusage.googleapis.com/v1beta1/projects/64672048056/services/eventarc.googleapis.com:generateServiceIdentity 200
[debug] [2025-04-12T01:38:02.779Z] <<< [apiv2][body] POST https://serviceusage.googleapis.com/v1beta1/projects/64672048056/services/eventarc.googleapis.com:generateServiceIdentity {"name":"operations/finished.DONE_OPERATION","done":true,"response":{"@type":"type.googleapis.com/google.api.serviceusage.v1beta1.ServiceIdentity","email":"service-64672048056@gcp-sa-eventarc.iam.gserviceaccount.com","uniqueId":"107561473280282806973"}}
[debug] [2025-04-12T01:38:02.781Z] Checked if tokens are valid: true, expires at: 1744425463984
[debug] [2025-04-12T01:38:02.781Z] Checked if tokens are valid: true, expires at: 1744425463984
[debug] [2025-04-12T01:38:02.781Z] >>> [apiv2][query] GET https://cloudresourcemanager.googleapis.com/v1/projects/autolavado-38624 [none]
[debug] [2025-04-12T01:38:02.882Z] <<< [apiv2][status] GET https://cloudresourcemanager.googleapis.com/v1/projects/autolavado-38624 200
[debug] [2025-04-12T01:38:02.883Z] <<< [apiv2][body] GET https://cloudresourcemanager.googleapis.com/v1/projects/autolavado-38624 {"projectNumber":"64672048056","projectId":"autolavado-38624","lifecycleState":"ACTIVE","name":"Autolavado","labels":{"firebase":"enabled","firebase-core":"disabled"},"createTime":"2025-02-25T17:24:20.688903Z","parent":{"type":"organization","id":"567567824885"}}
[debug] [2025-04-12T01:38:02.884Z] Checked if tokens are valid: true, expires at: 1744425463984
[debug] [2025-04-12T01:38:02.884Z] Checked if tokens are valid: true, expires at: 1744425463984
[debug] [2025-04-12T01:38:02.884Z] >>> [apiv2][query] GET https://cloudbilling.googleapis.com/v1/projects/autolavado-38624/billingInfo [none]
[debug] [2025-04-12T01:38:03.129Z] <<< [apiv2][status] GET https://cloudbilling.googleapis.com/v1/projects/autolavado-38624/billingInfo 200
[debug] [2025-04-12T01:38:03.129Z] <<< [apiv2][body] GET https://cloudbilling.googleapis.com/v1/projects/autolavado-38624/billingInfo {"name":"projects/autolavado-38624/billingInfo","projectId":"autolavado-38624","billingAccountName":"billingAccounts/01E5F4-192707-F2D5A2","billingEnabled":true}
[debug] [2025-04-12T01:38:03.132Z] Checked if tokens are valid: true, expires at: 1744425463984
[debug] [2025-04-12T01:38:03.132Z] Checked if tokens are valid: true, expires at: 1744425463984
[debug] [2025-04-12T01:38:03.132Z] >>> [apiv2][query] POST https://cloudfunctions.googleapis.com/v2/projects/autolavado-38624/locations/us-central1/functions:generateUploadUrl [none]
[debug] [2025-04-12T01:38:03.381Z] <<< [apiv2][status] POST https://cloudfunctions.googleapis.com/v2/projects/autolavado-38624/locations/us-central1/functions:generateUploadUrl 200
[debug] [2025-04-12T01:38:03.381Z] <<< [apiv2][body] POST https://cloudfunctions.googleapis.com/v2/projects/autolavado-38624/locations/us-central1/functions:generateUploadUrl {"uploadUrl":"https://storage.googleapis.com/gcf-v2-uploads-64672048056.us-central1.cloudfunctions.appspot.com/6c6ed51d-aa90-4afd-af8d-e611eca04535.zip?GoogleAccessId=service-64672048056@gcf-admin-robot.iam.gserviceaccount.com&Expires=1744423674&Signature=g7UT5Ud%2BZ3Af1e%2FeqDnKty%2BNdOispnXCXB9oZmtz2qLzk%2BsMT0QHiD7wzc9haSDG8hTMf636HP7axtmVvhA1aeT9jaC%2BjqZj7t2P60HSku9eGo0m1QjI0OAoXU86t21Hfe25ztQ97cCdNkAk4hLpwIaZeBm89UTtwq14bH5V8EV91XK2%2FR6Ar04U6JqXuSEUpkbhzRoGTDTj%2B8bN4449x68nSrTudO0YVglGNuROOoqSwjC%2FCu7JyGmZcWItavjzfMY1tuZx9hw9I4o2rvbSHCNFHGKGDsybjYQorHPaLC7X5EJ0EnM%2BhwgpEjIsWAIN0tf%2BFTynk2yJKXsjkn%2FdAg%3D%3D","storageSource":{"bucket":"gcf-v2-uploads-64672048056.us-central1.cloudfunctions.appspot.com","object":"6c6ed51d-aa90-4afd-af8d-e611eca04535.zip"}}
[debug] [2025-04-12T01:38:03.383Z] >>> [apiv2][query] PUT https://storage.googleapis.com/gcf-v2-uploads-64672048056.us-central1.cloudfunctions.appspot.com/6c6ed51d-aa90-4afd-af8d-e611eca04535.zip GoogleAccessId=service-64672048056%40gcf-admin-robot.iam.gserviceaccount.com&Expires=1744423674&Signature=g7UT5Ud%2BZ3Af1e%2FeqDnKty%2BNdOispnXCXB9oZmtz2qLzk%2BsMT0QHiD7wzc9haSDG8hTMf636HP7axtmVvhA1aeT9jaC%2BjqZj7t2P60HSku9eGo0m1QjI0OAoXU86t21Hfe25ztQ97cCdNkAk4hLpwIaZeBm89UTtwq14bH5V8EV91XK2%2FR6Ar04U6JqXuSEUpkbhzRoGTDTj%2B8bN4449x68nSrTudO0YVglGNuROOoqSwjC%2FCu7JyGmZcWItavjzfMY1tuZx9hw9I4o2rvbSHCNFHGKGDsybjYQorHPaLC7X5EJ0EnM%2BhwgpEjIsWAIN0tf%2BFTynk2yJKXsjkn%2FdAg%3D%3D
[debug] [2025-04-12T01:38:03.383Z] >>> [apiv2][body] PUT https://storage.googleapis.com/gcf-v2-uploads-64672048056.us-central1.cloudfunctions.appspot.com/6c6ed51d-aa90-4afd-af8d-e611eca04535.zip [stream]
[debug] [2025-04-12T01:38:04.723Z] <<< [apiv2][status] PUT https://storage.googleapis.com/gcf-v2-uploads-64672048056.us-central1.cloudfunctions.appspot.com/6c6ed51d-aa90-4afd-af8d-e611eca04535.zip 200
[debug] [2025-04-12T01:38:04.723Z] <<< [apiv2][body] PUT https://storage.googleapis.com/gcf-v2-uploads-64672048056.us-central1.cloudfunctions.appspot.com/6c6ed51d-aa90-4afd-af8d-e611eca04535.zip [omitted]
[info] +  functions: functions folder uploaded successfully 
[info] i  functions: updating Node.js 22 (2nd Gen) function api(us-central1)... 
[debug] [2025-04-12T01:38:04.730Z] Checked if tokens are valid: true, expires at: 1744425463984
[debug] [2025-04-12T01:38:04.730Z] Checked if tokens are valid: true, expires at: 1744425463984
[debug] [2025-04-12T01:38:04.730Z] >>> [apiv2][query] PATCH https://cloudfunctions.googleapis.com/v2/projects/autolavado-38624/locations/us-central1/functions/api updateMask=name%2CbuildConfig.runtime%2CbuildConfig.entryPoint%2CbuildConfig.source.storageSource.bucket%2CbuildConfig.source.storageSource.object%2CbuildConfig.environmentVariables%2CbuildConfig.sourceToken%2CserviceConfig.environmentVariables%2CserviceConfig.ingressSettings%2CserviceConfig.timeoutSeconds%2CserviceConfig.serviceAccountEmail%2CserviceConfig.availableMemory%2CserviceConfig.minInstanceCount%2CserviceConfig.maxInstanceCount%2CserviceConfig.maxInstanceRequestConcurrency%2CserviceConfig.availableCpu%2CserviceConfig.vpcConnector%2CserviceConfig.vpcConnectorEgressSettings%2Clabels%2CbuildConfig.buildEnvironmentVariables
[debug] [2025-04-12T01:38:04.730Z] >>> [apiv2][body] PATCH https://cloudfunctions.googleapis.com/v2/projects/autolavado-38624/locations/us-central1/functions/api {"name":"projects/autolavado-38624/locations/us-central1/functions/api","buildConfig":{"runtime":"nodejs22","entryPoint":"api","source":{"storageSource":{"bucket":"gcf-v2-uploads-64672048056.us-central1.cloudfunctions.appspot.com","object":"6c6ed51d-aa90-4afd-af8d-e611eca04535.zip"}},"environmentVariables":{"GOOGLE_NODE_RUN_SCRIPTS":""}},"serviceConfig":{"environmentVariables":{"FIREBASE_CONFIG":"{\"projectId\":\"autolavado-38624\",\"databaseURL\":\"https://autolavado-38624-default-rtdb.firebaseio.com\",\"storageBucket\":\"autolavado-38624.firebasestorage.app\"}","GCLOUD_PROJECT":"autolavado-38624","EVENTARC_CLOUD_EVENT_SOURCE":"projects/autolavado-38624/locations/us-central1/services/api","FUNCTION_TARGET":"api","LOG_EXECUTION_ID":"true"},"ingressSettings":null,"timeoutSeconds":null,"serviceAccountEmail":null,"availableMemory":"256Mi","minInstanceCount":null,"maxInstanceCount":null,"maxInstanceRequestConcurrency":80,"availableCpu":"1","vpcConnector":null,"vpcConnectorEgressSettings":null},"labels":{"deployment-tool":"cli-firebase","firebase-functions-hash":"4c7c9454a95eae17f5d03a3ac8d8f01b7225eff8"}}
[debug] [2025-04-12T01:38:05.880Z] <<< [apiv2][status] PATCH https://cloudfunctions.googleapis.com/v2/projects/autolavado-38624/locations/us-central1/functions/api 200
[debug] [2025-04-12T01:38:05.880Z] <<< [apiv2][body] PATCH https://cloudfunctions.googleapis.com/v2/projects/autolavado-38624/locations/us-central1/functions/api {"name":"projects/autolavado-38624/locations/us-central1/operations/operation-1744421876465-6328ade48fe92-794e4d3c-62a1e2de","metadata":{"@type":"type.googleapis.com/google.cloud.functions.v2.OperationMetadata","createTime":"2025-04-12T01:37:57.449614474Z","target":"projects/autolavado-38624/locations/us-central1/functions/api","verb":"update","cancelRequested":false,"apiVersion":"v2"},"done":false}
[debug] [2025-04-12T01:38:05.882Z] Checked if tokens are valid: true, expires at: 1744425463984
[debug] [2025-04-12T01:38:05.882Z] Checked if tokens are valid: true, expires at: 1744425463984
[debug] [2025-04-12T01:38:05.882Z] >>> [apiv2][query] GET https://cloudfunctions.googleapis.com/v2/projects/autolavado-38624/locations/us-central1/operations/operation-1744421876465-6328ade48fe92-794e4d3c-62a1e2de [none]
[debug] [2025-04-12T01:38:06.056Z] <<< [apiv2][status] GET https://cloudfunctions.googleapis.com/v2/projects/autolavado-38624/locations/us-central1/operations/operation-1744421876465-6328ade48fe92-794e4d3c-62a1e2de 200
[debug] [2025-04-12T01:38:06.056Z] <<< [apiv2][body] GET https://cloudfunctions.googleapis.com/v2/projects/autolavado-38624/locations/us-central1/operations/operation-1744421876465-6328ade48fe92-794e4d3c-62a1e2de {"name":"projects/autolavado-38624/locations/us-central1/operations/operation-1744421876465-6328ade48fe92-794e4d3c-62a1e2de","metadata":{"@type":"type.googleapis.com/google.cloud.functions.v2.OperationMetadata","createTime":"2025-04-12T01:37:57.449614474Z","target":"projects/autolavado-38624/locations/us-central1/functions/api","verb":"update","cancelRequested":false,"apiVersion":"v2","requestResource":{"@type":"type.googleapis.com/google.cloud.functions.v2.Function","name":"projects/autolavado-38624/locations/us-central1/functions/api","buildConfig":{"runtime":"nodejs22","entryPoint":"api","source":{"storageSource":{"bucket":"gcf-v2-sources-64672048056-us-central1","object":"api/function-source.zip","generation":"1744421877364998"}},"environmentVariables":{"GOOGLE_NODE_RUN_SCRIPTS":""},"dockerRepository":"projects/autolavado-38624/locations/us-central1/repositories/gcf-artifacts","sourceProvenance":{"resolvedStorageSource":{"bucket":"gcf-v2-sources-64672048056-us-central1","object":"api/function-source.zip","generation":"1743632238442696"}},"dockerRegistry":"ARTIFACT_REGISTRY","serviceAccount":"projects/autolavado-38624/serviceAccounts/64672048056-compute@developer.gserviceaccount.com","automaticUpdatePolicy":{}},"serviceConfig":{"service":"projects/autolavado-38624/locations/us-central1/services/api","timeoutSeconds":60,"environmentVariables":{"FIREBASE_CONFIG":"{\"projectId\":\"autolavado-38624\",\"databaseURL\":\"https://autolavado-38624-default-rtdb.firebaseio.com\",\"storageBucket\":\"autolavado-38624.firebasestorage.app\"}","GCLOUD_PROJECT":"autolavado-38624","EVENTARC_CLOUD_EVENT_SOURCE":"projects/autolavado-38624/locations/us-central1/services/api","FUNCTION_TARGET":"api","LOG_EXECUTION_ID":"true"},"ingressSettings":"ALLOW_ALL","uri":"https://api-cog73kiucq-uc.a.run.app","serviceAccountEmail":"64672048056-compute@developer.gserviceaccount.com","availableMemory":"256Mi","allTrafficOnLatestRevision":true,"revision":"api-00030-muz","maxInstanceRequestConcurrency":80,"availableCpu":"1"},"state":"ACTIVE","labels":{"deployment-tool":"cloudfunctions","firebase-functions-hash":"4c7c9454a95eae17f5d03a3ac8d8f01b7225eff8"},"environment":"GEN_2","url":"https://us-central1-autolavado-38624.cloudfunctions.net/api","satisfiesPzi":true},"stages":[{"name":"BUILD","state":"NOT_STARTED"},{"name":"SERVICE","state":"NOT_STARTED"}],"operationType":"UPDATE_FUNCTION"},"done":false}
[debug] [2025-04-12T01:38:06.566Z] [update-default-us-central1-api] Retrying task index 0
[debug] [2025-04-12T01:38:06.566Z] Checked if tokens are valid: true, expires at: 1744425463984
[debug] [2025-04-12T01:38:06.566Z] Checked if tokens are valid: true, expires at: 1744425463984
[debug] [2025-04-12T01:38:06.566Z] >>> [apiv2][query] GET https://cloudfunctions.googleapis.com/v2/projects/autolavado-38624/locations/us-central1/operations/operation-1744421876465-6328ade48fe92-794e4d3c-62a1e2de [none]
[debug] [2025-04-12T01:38:06.756Z] <<< [apiv2][status] GET https://cloudfunctions.googleapis.com/v2/projects/autolavado-38624/locations/us-central1/operations/operation-1744421876465-6328ade48fe92-794e4d3c-62a1e2de 200
[debug] [2025-04-12T01:38:06.756Z] <<< [apiv2][body] GET https://cloudfunctions.googleapis.com/v2/projects/autolavado-38624/locations/us-central1/operations/operation-1744421876465-6328ade48fe92-794e4d3c-62a1e2de {"name":"projects/autolavado-38624/locations/us-central1/operations/operation-1744421876465-6328ade48fe92-794e4d3c-62a1e2de","metadata":{"@type":"type.googleapis.com/google.cloud.functions.v2.OperationMetadata","createTime":"2025-04-12T01:37:57.449614474Z","target":"projects/autolavado-38624/locations/us-central1/functions/api","verb":"update","cancelRequested":false,"apiVersion":"v2","requestResource":{"@type":"type.googleapis.com/google.cloud.functions.v2.Function","name":"projects/autolavado-38624/locations/us-central1/functions/api","buildConfig":{"runtime":"nodejs22","entryPoint":"api","source":{"storageSource":{"bucket":"gcf-v2-sources-64672048056-us-central1","object":"api/function-source.zip","generation":"1744421877364998"}},"environmentVariables":{"GOOGLE_NODE_RUN_SCRIPTS":""},"dockerRepository":"projects/autolavado-38624/locations/us-central1/repositories/gcf-artifacts","sourceProvenance":{"resolvedStorageSource":{"bucket":"gcf-v2-sources-64672048056-us-central1","object":"api/function-source.zip","generation":"1743632238442696"}},"dockerRegistry":"ARTIFACT_REGISTRY","serviceAccount":"projects/autolavado-38624/serviceAccounts/64672048056-compute@developer.gserviceaccount.com","automaticUpdatePolicy":{}},"serviceConfig":{"service":"projects/autolavado-38624/locations/us-central1/services/api","timeoutSeconds":60,"environmentVariables":{"FIREBASE_CONFIG":"{\"projectId\":\"autolavado-38624\",\"databaseURL\":\"https://autolavado-38624-default-rtdb.firebaseio.com\",\"storageBucket\":\"autolavado-38624.firebasestorage.app\"}","GCLOUD_PROJECT":"autolavado-38624","EVENTARC_CLOUD_EVENT_SOURCE":"projects/autolavado-38624/locations/us-central1/services/api","FUNCTION_TARGET":"api","LOG_EXECUTION_ID":"true"},"ingressSettings":"ALLOW_ALL","uri":"https://api-cog73kiucq-uc.a.run.app","serviceAccountEmail":"64672048056-compute@developer.gserviceaccount.com","availableMemory":"256Mi","allTrafficOnLatestRevision":true,"revision":"api-00030-muz","maxInstanceRequestConcurrency":80,"availableCpu":"1"},"state":"ACTIVE","labels":{"deployment-tool":"cloudfunctions","firebase-functions-hash":"4c7c9454a95eae17f5d03a3ac8d8f01b7225eff8"},"environment":"GEN_2","url":"https://us-central1-autolavado-38624.cloudfunctions.net/api","satisfiesPzi":true},"stages":[{"name":"BUILD","state":"NOT_STARTED"},{"name":"SERVICE","state":"NOT_STARTED"}],"operationType":"UPDATE_FUNCTION"},"done":false}
[debug] [2025-04-12T01:38:07.772Z] [update-default-us-central1-api] Retrying task index 0
[debug] [2025-04-12T01:38:07.772Z] Checked if tokens are valid: true, expires at: 1744425463984
[debug] [2025-04-12T01:38:07.773Z] Checked if tokens are valid: true, expires at: 1744425463984
[debug] [2025-04-12T01:38:07.773Z] >>> [apiv2][query] GET https://cloudfunctions.googleapis.com/v2/projects/autolavado-38624/locations/us-central1/operations/operation-1744421876465-6328ade48fe92-794e4d3c-62a1e2de [none]
[debug] [2025-04-12T01:38:07.933Z] <<< [apiv2][status] GET https://cloudfunctions.googleapis.com/v2/projects/autolavado-38624/locations/us-central1/operations/operation-1744421876465-6328ade48fe92-794e4d3c-62a1e2de 200
[debug] [2025-04-12T01:38:07.933Z] <<< [apiv2][body] GET https://cloudfunctions.googleapis.com/v2/projects/autolavado-38624/locations/us-central1/operations/operation-1744421876465-6328ade48fe92-794e4d3c-62a1e2de {"name":"projects/autolavado-38624/locations/us-central1/operations/operation-1744421876465-6328ade48fe92-794e4d3c-62a1e2de","metadata":{"@type":"type.googleapis.com/google.cloud.functions.v2.OperationMetadata","createTime":"2025-04-12T01:37:57.449614474Z","target":"projects/autolavado-38624/locations/us-central1/functions/api","verb":"update","cancelRequested":false,"apiVersion":"v2","requestResource":{"@type":"type.googleapis.com/google.cloud.functions.v2.Function","name":"projects/autolavado-38624/locations/us-central1/functions/api","buildConfig":{"runtime":"nodejs22","entryPoint":"api","source":{"storageSource":{"bucket":"gcf-v2-sources-64672048056-us-central1","object":"api/function-source.zip","generation":"1744421877364998"}},"environmentVariables":{"GOOGLE_NODE_RUN_SCRIPTS":""},"dockerRepository":"projects/autolavado-38624/locations/us-central1/repositories/gcf-artifacts","sourceProvenance":{"resolvedStorageSource":{"bucket":"gcf-v2-sources-64672048056-us-central1","object":"api/function-source.zip","generation":"1743632238442696"}},"dockerRegistry":"ARTIFACT_REGISTRY","serviceAccount":"projects/autolavado-38624/serviceAccounts/64672048056-compute@developer.gserviceaccount.com","automaticUpdatePolicy":{}},"serviceConfig":{"service":"projects/autolavado-38624/locations/us-central1/services/api","timeoutSeconds":60,"environmentVariables":{"FIREBASE_CONFIG":"{\"projectId\":\"autolavado-38624\",\"databaseURL\":\"https://autolavado-38624-default-rtdb.firebaseio.com\",\"storageBucket\":\"autolavado-38624.firebasestorage.app\"}","GCLOUD_PROJECT":"autolavado-38624","EVENTARC_CLOUD_EVENT_SOURCE":"projects/autolavado-38624/locations/us-central1/services/api","FUNCTION_TARGET":"api","LOG_EXECUTION_ID":"true"},"ingressSettings":"ALLOW_ALL","uri":"https://api-cog73kiucq-uc.a.run.app","serviceAccountEmail":"64672048056-compute@developer.gserviceaccount.com","availableMemory":"256Mi","allTrafficOnLatestRevision":true,"revision":"api-00030-muz","maxInstanceRequestConcurrency":80,"availableCpu":"1"},"state":"ACTIVE","labels":{"deployment-tool":"cloudfunctions","firebase-functions-hash":"4c7c9454a95eae17f5d03a3ac8d8f01b7225eff8"},"environment":"GEN_2","url":"https://us-central1-autolavado-38624.cloudfunctions.net/api","satisfiesPzi":true},"stages":[{"name":"BUILD","message":"Build in progress","state":"IN_PROGRESS","resource":"projects/64672048056/locations/us-central1/builds/84d91a0c-5e78-4eb1-bfdb-26a1fd2f945a","resourceUri":"https://console.cloud.google.com/cloud-build/builds;region=us-central1/84d91a0c-5e78-4eb1-bfdb-26a1fd2f945a?project=64672048056"},{"name":"SERVICE","state":"NOT_STARTED"}],"operationType":"UPDATE_FUNCTION","buildName":"projects/64672048056/locations/us-central1/builds/84d91a0c-5e78-4eb1-bfdb-26a1fd2f945a"},"done":false}
[debug] [2025-04-12T01:38:09.934Z] [update-default-us-central1-api] Retrying task index 0
[debug] [2025-04-12T01:38:09.935Z] Checked if tokens are valid: true, expires at: 1744425463984
[debug] [2025-04-12T01:38:09.935Z] Checked if tokens are valid: true, expires at: 1744425463984
[debug] [2025-04-12T01:38:09.935Z] >>> [apiv2][query] GET https://cloudfunctions.googleapis.com/v2/projects/autolavado-38624/locations/us-central1/operations/operation-1744421876465-6328ade48fe92-794e4d3c-62a1e2de [none]
[debug] [2025-04-12T01:38:10.051Z] <<< [apiv2][status] GET https://cloudfunctions.googleapis.com/v2/projects/autolavado-38624/locations/us-central1/operations/operation-1744421876465-6328ade48fe92-794e4d3c-62a1e2de 200
[debug] [2025-04-12T01:38:10.051Z] <<< [apiv2][body] GET https://cloudfunctions.googleapis.com/v2/projects/autolavado-38624/locations/us-central1/operations/operation-1744421876465-6328ade48fe92-794e4d3c-62a1e2de {"name":"projects/autolavado-38624/locations/us-central1/operations/operation-1744421876465-6328ade48fe92-794e4d3c-62a1e2de","metadata":{"@type":"type.googleapis.com/google.cloud.functions.v2.OperationMetadata","createTime":"2025-04-12T01:37:57.449614474Z","target":"projects/autolavado-38624/locations/us-central1/functions/api","verb":"update","cancelRequested":false,"apiVersion":"v2","requestResource":{"@type":"type.googleapis.com/google.cloud.functions.v2.Function","name":"projects/autolavado-38624/locations/us-central1/functions/api","buildConfig":{"runtime":"nodejs22","entryPoint":"api","source":{"storageSource":{"bucket":"gcf-v2-sources-64672048056-us-central1","object":"api/function-source.zip","generation":"1744421877364998"}},"environmentVariables":{"GOOGLE_NODE_RUN_SCRIPTS":""},"dockerRepository":"projects/autolavado-38624/locations/us-central1/repositories/gcf-artifacts","sourceProvenance":{"resolvedStorageSource":{"bucket":"gcf-v2-sources-64672048056-us-central1","object":"api/function-source.zip","generation":"1743632238442696"}},"dockerRegistry":"ARTIFACT_REGISTRY","serviceAccount":"projects/autolavado-38624/serviceAccounts/64672048056-compute@developer.gserviceaccount.com","automaticUpdatePolicy":{}},"serviceConfig":{"service":"projects/autolavado-38624/locations/us-central1/services/api","timeoutSeconds":60,"environmentVariables":{"FIREBASE_CONFIG":"{\"projectId\":\"autolavado-38624\",\"databaseURL\":\"https://autolavado-38624-default-rtdb.firebaseio.com\",\"storageBucket\":\"autolavado-38624.firebasestorage.app\"}","GCLOUD_PROJECT":"autolavado-38624","EVENTARC_CLOUD_EVENT_SOURCE":"projects/autolavado-38624/locations/us-central1/services/api","FUNCTION_TARGET":"api","LOG_EXECUTION_ID":"true"},"ingressSettings":"ALLOW_ALL","uri":"https://api-cog73kiucq-uc.a.run.app","serviceAccountEmail":"64672048056-compute@developer.gserviceaccount.com","availableMemory":"256Mi","allTrafficOnLatestRevision":true,"revision":"api-00030-muz","maxInstanceRequestConcurrency":80,"availableCpu":"1"},"state":"ACTIVE","labels":{"deployment-tool":"cloudfunctions","firebase-functions-hash":"4c7c9454a95eae17f5d03a3ac8d8f01b7225eff8"},"environment":"GEN_2","url":"https://us-central1-autolavado-38624.cloudfunctions.net/api","satisfiesPzi":true},"stages":[{"name":"BUILD","message":"Build in progress","state":"IN_PROGRESS","resource":"projects/64672048056/locations/us-central1/builds/84d91a0c-5e78-4eb1-bfdb-26a1fd2f945a","resourceUri":"https://console.cloud.google.com/cloud-build/builds;region=us-central1/84d91a0c-5e78-4eb1-bfdb-26a1fd2f945a?project=64672048056"},{"name":"SERVICE","state":"NOT_STARTED"}],"operationType":"UPDATE_FUNCTION","buildName":"projects/64672048056/locations/us-central1/builds/84d91a0c-5e78-4eb1-bfdb-26a1fd2f945a"},"done":false}
[debug] [2025-04-12T01:38:14.064Z] [update-default-us-central1-api] Retrying task index 0
[debug] [2025-04-12T01:38:14.065Z] Checked if tokens are valid: true, expires at: 1744425463984
[debug] [2025-04-12T01:38:14.065Z] Checked if tokens are valid: true, expires at: 1744425463984
[debug] [2025-04-12T01:38:14.065Z] >>> [apiv2][query] GET https://cloudfunctions.googleapis.com/v2/projects/autolavado-38624/locations/us-central1/operations/operation-1744421876465-6328ade48fe92-794e4d3c-62a1e2de [none]
[debug] [2025-04-12T01:38:14.250Z] <<< [apiv2][status] GET https://cloudfunctions.googleapis.com/v2/projects/autolavado-38624/locations/us-central1/operations/operation-1744421876465-6328ade48fe92-794e4d3c-62a1e2de 200
[debug] [2025-04-12T01:38:14.250Z] <<< [apiv2][body] GET https://cloudfunctions.googleapis.com/v2/projects/autolavado-38624/locations/us-central1/operations/operation-1744421876465-6328ade48fe92-794e4d3c-62a1e2de {"name":"projects/autolavado-38624/locations/us-central1/operations/operation-1744421876465-6328ade48fe92-794e4d3c-62a1e2de","metadata":{"@type":"type.googleapis.com/google.cloud.functions.v2.OperationMetadata","createTime":"2025-04-12T01:37:57.449614474Z","target":"projects/autolavado-38624/locations/us-central1/functions/api","verb":"update","cancelRequested":false,"apiVersion":"v2","requestResource":{"@type":"type.googleapis.com/google.cloud.functions.v2.Function","name":"projects/autolavado-38624/locations/us-central1/functions/api","buildConfig":{"runtime":"nodejs22","entryPoint":"api","source":{"storageSource":{"bucket":"gcf-v2-sources-64672048056-us-central1","object":"api/function-source.zip","generation":"1744421877364998"}},"environmentVariables":{"GOOGLE_NODE_RUN_SCRIPTS":""},"dockerRepository":"projects/autolavado-38624/locations/us-central1/repositories/gcf-artifacts","sourceProvenance":{"resolvedStorageSource":{"bucket":"gcf-v2-sources-64672048056-us-central1","object":"api/function-source.zip","generation":"1743632238442696"}},"dockerRegistry":"ARTIFACT_REGISTRY","serviceAccount":"projects/autolavado-38624/serviceAccounts/64672048056-compute@developer.gserviceaccount.com","automaticUpdatePolicy":{}},"serviceConfig":{"service":"projects/autolavado-38624/locations/us-central1/services/api","timeoutSeconds":60,"environmentVariables":{"FIREBASE_CONFIG":"{\"projectId\":\"autolavado-38624\",\"databaseURL\":\"https://autolavado-38624-default-rtdb.firebaseio.com\",\"storageBucket\":\"autolavado-38624.firebasestorage.app\"}","GCLOUD_PROJECT":"autolavado-38624","EVENTARC_CLOUD_EVENT_SOURCE":"projects/autolavado-38624/locations/us-central1/services/api","FUNCTION_TARGET":"api","LOG_EXECUTION_ID":"true"},"ingressSettings":"ALLOW_ALL","uri":"https://api-cog73kiucq-uc.a.run.app","serviceAccountEmail":"64672048056-compute@developer.gserviceaccount.com","availableMemory":"256Mi","allTrafficOnLatestRevision":true,"revision":"api-00030-muz","maxInstanceRequestConcurrency":80,"availableCpu":"1"},"state":"ACTIVE","labels":{"deployment-tool":"cloudfunctions","firebase-functions-hash":"4c7c9454a95eae17f5d03a3ac8d8f01b7225eff8"},"environment":"GEN_2","url":"https://us-central1-autolavado-38624.cloudfunctions.net/api","satisfiesPzi":true},"stages":[{"name":"BUILD","message":"Build in progress","state":"IN_PROGRESS","resource":"projects/64672048056/locations/us-central1/builds/84d91a0c-5e78-4eb1-bfdb-26a1fd2f945a","resourceUri":"https://console.cloud.google.com/cloud-build/builds;region=us-central1/84d91a0c-5e78-4eb1-bfdb-26a1fd2f945a?project=64672048056"},{"name":"SERVICE","state":"NOT_STARTED"}],"operationType":"UPDATE_FUNCTION","buildName":"projects/64672048056/locations/us-central1/builds/84d91a0c-5e78-4eb1-bfdb-26a1fd2f945a"},"done":false}
[debug] [2025-04-12T01:38:22.256Z] [update-default-us-central1-api] Retrying task index 0
[debug] [2025-04-12T01:38:22.256Z] Checked if tokens are valid: true, expires at: 1744425463984
[debug] [2025-04-12T01:38:22.256Z] Checked if tokens are valid: true, expires at: 1744425463984
[debug] [2025-04-12T01:38:22.257Z] >>> [apiv2][query] GET https://cloudfunctions.googleapis.com/v2/projects/autolavado-38624/locations/us-central1/operations/operation-1744421876465-6328ade48fe92-794e4d3c-62a1e2de [none]
[debug] [2025-04-12T01:38:22.542Z] <<< [apiv2][status] GET https://cloudfunctions.googleapis.com/v2/projects/autolavado-38624/locations/us-central1/operations/operation-1744421876465-6328ade48fe92-794e4d3c-62a1e2de 200
[debug] [2025-04-12T01:38:22.542Z] <<< [apiv2][body] GET https://cloudfunctions.googleapis.com/v2/projects/autolavado-38624/locations/us-central1/operations/operation-1744421876465-6328ade48fe92-794e4d3c-62a1e2de {"name":"projects/autolavado-38624/locations/us-central1/operations/operation-1744421876465-6328ade48fe92-794e4d3c-62a1e2de","metadata":{"@type":"type.googleapis.com/google.cloud.functions.v2.OperationMetadata","createTime":"2025-04-12T01:37:57.449614474Z","target":"projects/autolavado-38624/locations/us-central1/functions/api","verb":"update","cancelRequested":false,"apiVersion":"v2","requestResource":{"@type":"type.googleapis.com/google.cloud.functions.v2.Function","name":"projects/autolavado-38624/locations/us-central1/functions/api","buildConfig":{"runtime":"nodejs22","entryPoint":"api","source":{"storageSource":{"bucket":"gcf-v2-sources-64672048056-us-central1","object":"api/function-source.zip","generation":"1744421877364998"}},"environmentVariables":{"GOOGLE_NODE_RUN_SCRIPTS":""},"dockerRepository":"projects/autolavado-38624/locations/us-central1/repositories/gcf-artifacts","sourceProvenance":{"resolvedStorageSource":{"bucket":"gcf-v2-sources-64672048056-us-central1","object":"api/function-source.zip","generation":"1743632238442696"}},"dockerRegistry":"ARTIFACT_REGISTRY","serviceAccount":"projects/autolavado-38624/serviceAccounts/64672048056-compute@developer.gserviceaccount.com","automaticUpdatePolicy":{}},"serviceConfig":{"service":"projects/autolavado-38624/locations/us-central1/services/api","timeoutSeconds":60,"environmentVariables":{"FIREBASE_CONFIG":"{\"projectId\":\"autolavado-38624\",\"databaseURL\":\"https://autolavado-38624-default-rtdb.firebaseio.com\",\"storageBucket\":\"autolavado-38624.firebasestorage.app\"}","GCLOUD_PROJECT":"autolavado-38624","EVENTARC_CLOUD_EVENT_SOURCE":"projects/autolavado-38624/locations/us-central1/services/api","FUNCTION_TARGET":"api","LOG_EXECUTION_ID":"true"},"ingressSettings":"ALLOW_ALL","uri":"https://api-cog73kiucq-uc.a.run.app","serviceAccountEmail":"64672048056-compute@developer.gserviceaccount.com","availableMemory":"256Mi","allTrafficOnLatestRevision":true,"revision":"api-00030-muz","maxInstanceRequestConcurrency":80,"availableCpu":"1"},"state":"ACTIVE","labels":{"deployment-tool":"cloudfunctions","firebase-functions-hash":"4c7c9454a95eae17f5d03a3ac8d8f01b7225eff8"},"environment":"GEN_2","url":"https://us-central1-autolavado-38624.cloudfunctions.net/api","satisfiesPzi":true},"stages":[{"name":"BUILD","message":"Build in progress","state":"IN_PROGRESS","resource":"projects/64672048056/locations/us-central1/builds/84d91a0c-5e78-4eb1-bfdb-26a1fd2f945a","resourceUri":"https://console.cloud.google.com/cloud-build/builds;region=us-central1/84d91a0c-5e78-4eb1-bfdb-26a1fd2f945a?project=64672048056"},{"name":"SERVICE","state":"NOT_STARTED"}],"operationType":"UPDATE_FUNCTION","buildName":"projects/64672048056/locations/us-central1/builds/84d91a0c-5e78-4eb1-bfdb-26a1fd2f945a"},"done":false}
[debug] [2025-04-12T01:38:42.591Z] ----------------------------------------------------------------------
[debug] [2025-04-12T01:38:42.598Z] Command:       C:\Program Files\nodejs\node.exe C:\Users\reny1\AppData\Roaming\npm\node_modules\firebase-tools\lib\bin\firebase.js deploy --only functions
[debug] [2025-04-12T01:38:42.599Z] CLI Version:   13.33.0
[debug] [2025-04-12T01:38:42.599Z] Platform:      win32
[debug] [2025-04-12T01:38:42.599Z] Node Version:  v20.13.1
[debug] [2025-04-12T01:38:42.599Z] Time:          Fri Apr 11 2025 19:38:42 GMT-0600 (hora estándar central)
[debug] [2025-04-12T01:38:42.600Z] ----------------------------------------------------------------------
[debug] 
[debug] [2025-04-12T01:38:42.972Z] > command requires scopes: ["email","openid","https://www.googleapis.com/auth/cloudplatformprojects.readonly","https://www.googleapis.com/auth/firebase","https://www.googleapis.com/auth/cloud-platform"]
[debug] [2025-04-12T01:38:42.973Z] > authorizing via signed-in user (2021371058@uteq.edu.mx)
[debug] [2025-04-12T01:38:42.973Z] [iam] checking project autolavado-38624 for permissions ["cloudfunctions.functions.create","cloudfunctions.functions.delete","cloudfunctions.functions.get","cloudfunctions.functions.list","cloudfunctions.functions.update","cloudfunctions.operations.get","firebase.projects.get"]
[debug] [2025-04-12T01:38:42.975Z] Checked if tokens are valid: true, expires at: 1744425463984
[debug] [2025-04-12T01:38:42.975Z] Checked if tokens are valid: true, expires at: 1744425463984
[debug] [2025-04-12T01:38:42.977Z] >>> [apiv2][query] POST https://cloudresourcemanager.googleapis.com/v1/projects/autolavado-38624:testIamPermissions [none]
[debug] [2025-04-12T01:38:42.977Z] >>> [apiv2][(partial)header] POST https://cloudresourcemanager.googleapis.com/v1/projects/autolavado-38624:testIamPermissions x-goog-quota-user=projects/autolavado-38624
[debug] [2025-04-12T01:38:42.977Z] >>> [apiv2][body] POST https://cloudresourcemanager.googleapis.com/v1/projects/autolavado-38624:testIamPermissions {"permissions":["cloudfunctions.functions.create","cloudfunctions.functions.delete","cloudfunctions.functions.get","cloudfunctions.functions.list","cloudfunctions.functions.update","cloudfunctions.operations.get","firebase.projects.get"]}
[debug] [2025-04-12T01:38:43.369Z] <<< [apiv2][status] POST https://cloudresourcemanager.googleapis.com/v1/projects/autolavado-38624:testIamPermissions 200
[debug] [2025-04-12T01:38:43.370Z] <<< [apiv2][body] POST https://cloudresourcemanager.googleapis.com/v1/projects/autolavado-38624:testIamPermissions {"permissions":["cloudfunctions.functions.create","cloudfunctions.functions.delete","cloudfunctions.functions.get","cloudfunctions.functions.list","cloudfunctions.functions.update","cloudfunctions.operations.get","firebase.projects.get"]}
[debug] [2025-04-12T01:38:43.371Z] Checked if tokens are valid: true, expires at: 1744425463984
[debug] [2025-04-12T01:38:43.371Z] Checked if tokens are valid: true, expires at: 1744425463984
[debug] [2025-04-12T01:38:43.371Z] >>> [apiv2][query] POST https://iam.googleapis.com/v1/projects/autolavado-38624/serviceAccounts/autolavado-38624@appspot.gserviceaccount.com:testIamPermissions [none]
[debug] [2025-04-12T01:38:43.371Z] >>> [apiv2][body] POST https://iam.googleapis.com/v1/projects/autolavado-38624/serviceAccounts/autolavado-38624@appspot.gserviceaccount.com:testIamPermissions {"permissions":["iam.serviceAccounts.actAs"]}
[debug] [2025-04-12T01:38:43.742Z] <<< [apiv2][status] POST https://iam.googleapis.com/v1/projects/autolavado-38624/serviceAccounts/autolavado-38624@appspot.gserviceaccount.com:testIamPermissions 200
[debug] [2025-04-12T01:38:43.742Z] <<< [apiv2][body] POST https://iam.googleapis.com/v1/projects/autolavado-38624/serviceAccounts/autolavado-38624@appspot.gserviceaccount.com:testIamPermissions {"permissions":["iam.serviceAccounts.actAs"]}
[info] 
[info] === Deploying to 'autolavado-38624'...
[info] 
[info] i  deploying functions 
[info] Running command: npm --prefix "$RESOURCE_DIR" run lint
[info] +  functions: Finished running predeploy script. 
[debug] [2025-04-12T01:38:46.645Z] Checked if tokens are valid: true, expires at: 1744425463984
[debug] [2025-04-12T01:38:46.645Z] Checked if tokens are valid: true, expires at: 1744425463984
[debug] [2025-04-12T01:38:46.645Z] >>> [apiv2][query] GET https://cloudresourcemanager.googleapis.com/v1/projects/autolavado-38624 [none]
[debug] [2025-04-12T01:38:46.741Z] <<< [apiv2][status] GET https://cloudresourcemanager.googleapis.com/v1/projects/autolavado-38624 200
[debug] [2025-04-12T01:38:46.741Z] <<< [apiv2][body] GET https://cloudresourcemanager.googleapis.com/v1/projects/autolavado-38624 {"projectNumber":"64672048056","projectId":"autolavado-38624","lifecycleState":"ACTIVE","name":"Autolavado","labels":{"firebase":"enabled","firebase-core":"disabled"},"createTime":"2025-02-25T17:24:20.688903Z","parent":{"type":"organization","id":"567567824885"}}
[info] i  functions: preparing codebase default for deployment 
[info] i  functions: ensuring required API cloudfunctions.googleapis.com is enabled... 
[debug] [2025-04-12T01:38:46.743Z] Checked if tokens are valid: true, expires at: 1744425463984
[debug] [2025-04-12T01:38:46.743Z] Checked if tokens are valid: true, expires at: 1744425463984
[debug] [2025-04-12T01:38:46.743Z] Checked if tokens are valid: true, expires at: 1744425463984
[debug] [2025-04-12T01:38:46.743Z] Checked if tokens are valid: true, expires at: 1744425463984
[info] i  functions: ensuring required API cloudbuild.googleapis.com is enabled... 
[debug] [2025-04-12T01:38:46.744Z] Checked if tokens are valid: true, expires at: 1744425463984
[debug] [2025-04-12T01:38:46.744Z] Checked if tokens are valid: true, expires at: 1744425463984
[info] i  artifactregistry: ensuring required API artifactregistry.googleapis.com is enabled... 
[debug] [2025-04-12T01:38:46.745Z] Checked if tokens are valid: true, expires at: 1744425463984
[debug] [2025-04-12T01:38:46.745Z] Checked if tokens are valid: true, expires at: 1744425463984
[debug] [2025-04-12T01:38:46.745Z] >>> [apiv2][query] GET https://serviceusage.googleapis.com/v1/projects/autolavado-38624/services/cloudfunctions.googleapis.com [none]
[debug] [2025-04-12T01:38:46.745Z] >>> [apiv2][(partial)header] GET https://serviceusage.googleapis.com/v1/projects/autolavado-38624/services/cloudfunctions.googleapis.com x-goog-quota-user=projects/autolavado-38624
[debug] [2025-04-12T01:38:46.747Z] >>> [apiv2][query] GET https://serviceusage.googleapis.com/v1/projects/autolavado-38624/services/runtimeconfig.googleapis.com [none]
[debug] [2025-04-12T01:38:46.747Z] >>> [apiv2][(partial)header] GET https://serviceusage.googleapis.com/v1/projects/autolavado-38624/services/runtimeconfig.googleapis.com x-goog-quota-user=projects/autolavado-38624
[debug] [2025-04-12T01:38:46.749Z] >>> [apiv2][query] GET https://serviceusage.googleapis.com/v1/projects/autolavado-38624/services/cloudbuild.googleapis.com [none]
[debug] [2025-04-12T01:38:46.749Z] >>> [apiv2][(partial)header] GET https://serviceusage.googleapis.com/v1/projects/autolavado-38624/services/cloudbuild.googleapis.com x-goog-quota-user=projects/autolavado-38624
[debug] [2025-04-12T01:38:46.751Z] >>> [apiv2][query] GET https://serviceusage.googleapis.com/v1/projects/autolavado-38624/services/artifactregistry.googleapis.com [none]
[debug] [2025-04-12T01:38:46.751Z] >>> [apiv2][(partial)header] GET https://serviceusage.googleapis.com/v1/projects/autolavado-38624/services/artifactregistry.googleapis.com x-goog-quota-user=projects/autolavado-38624
[debug] [2025-04-12T01:38:47.121Z] <<< [apiv2][status] GET https://serviceusage.googleapis.com/v1/projects/autolavado-38624/services/runtimeconfig.googleapis.com 200
[debug] [2025-04-12T01:38:47.121Z] <<< [apiv2][body] GET https://serviceusage.googleapis.com/v1/projects/autolavado-38624/services/runtimeconfig.googleapis.com [omitted]
[debug] [2025-04-12T01:38:47.143Z] <<< [apiv2][status] GET https://serviceusage.googleapis.com/v1/projects/autolavado-38624/services/cloudfunctions.googleapis.com 200
[debug] [2025-04-12T01:38:47.143Z] <<< [apiv2][body] GET https://serviceusage.googleapis.com/v1/projects/autolavado-38624/services/cloudfunctions.googleapis.com [omitted]
[info] +  functions: required API cloudfunctions.googleapis.com is enabled 
[debug] [2025-04-12T01:38:47.145Z] <<< [apiv2][status] GET https://serviceusage.googleapis.com/v1/projects/autolavado-38624/services/artifactregistry.googleapis.com 200
[debug] [2025-04-12T01:38:47.145Z] <<< [apiv2][body] GET https://serviceusage.googleapis.com/v1/projects/autolavado-38624/services/artifactregistry.googleapis.com [omitted]
[info] +  artifactregistry: required API artifactregistry.googleapis.com is enabled 
[debug] [2025-04-12T01:38:47.427Z] <<< [apiv2][status] GET https://serviceusage.googleapis.com/v1/projects/autolavado-38624/services/cloudbuild.googleapis.com 200
[debug] [2025-04-12T01:38:47.428Z] <<< [apiv2][body] GET https://serviceusage.googleapis.com/v1/projects/autolavado-38624/services/cloudbuild.googleapis.com [omitted]
[info] +  functions: required API cloudbuild.googleapis.com is enabled 
[debug] [2025-04-12T01:38:47.428Z] Checked if tokens are valid: true, expires at: 1744425463984
[debug] [2025-04-12T01:38:47.428Z] Checked if tokens are valid: true, expires at: 1744425463984
[debug] [2025-04-12T01:38:47.429Z] >>> [apiv2][query] GET https://firebase.googleapis.com/v1beta1/projects/autolavado-38624/adminSdkConfig [none]
[debug] [2025-04-12T01:38:47.722Z] <<< [apiv2][status] GET https://firebase.googleapis.com/v1beta1/projects/autolavado-38624/adminSdkConfig 200
[debug] [2025-04-12T01:38:47.722Z] <<< [apiv2][body] GET https://firebase.googleapis.com/v1beta1/projects/autolavado-38624/adminSdkConfig {"projectId":"autolavado-38624","databaseURL":"https://autolavado-38624-default-rtdb.firebaseio.com","storageBucket":"autolavado-38624.firebasestorage.app"}
[debug] [2025-04-12T01:38:47.722Z] Checked if tokens are valid: true, expires at: 1744425463984
[debug] [2025-04-12T01:38:47.723Z] Checked if tokens are valid: true, expires at: 1744425463984
[debug] [2025-04-12T01:38:47.723Z] >>> [apiv2][query] GET https://runtimeconfig.googleapis.com/v1beta1/projects/autolavado-38624/configs [none]
[debug] [2025-04-12T01:38:47.940Z] <<< [apiv2][status] GET https://runtimeconfig.googleapis.com/v1beta1/projects/autolavado-38624/configs 200
[debug] [2025-04-12T01:38:47.941Z] <<< [apiv2][body] GET https://runtimeconfig.googleapis.com/v1beta1/projects/autolavado-38624/configs {"configs":[{"name":"projects/autolavado-38624/configs/google"}]}
[debug] [2025-04-12T01:38:47.941Z] Checked if tokens are valid: true, expires at: 1744425463984
[debug] [2025-04-12T01:38:47.941Z] Checked if tokens are valid: true, expires at: 1744425463984
[debug] [2025-04-12T01:38:47.941Z] >>> [apiv2][query] GET https://runtimeconfig.googleapis.com/v1beta1/projects/autolavado-38624/configs/google/variables [none]
[debug] [2025-04-12T01:38:48.069Z] <<< [apiv2][status] GET https://runtimeconfig.googleapis.com/v1beta1/projects/autolavado-38624/configs/google/variables 200
[debug] [2025-04-12T01:38:48.069Z] <<< [apiv2][body] GET https://runtimeconfig.googleapis.com/v1beta1/projects/autolavado-38624/configs/google/variables {"variables":[{"name":"projects/autolavado-38624/configs/google/variables/credentials","updateTime":"2025-03-05T07:46:43.456148174Z"}]}
[debug] [2025-04-12T01:38:48.070Z] Checked if tokens are valid: true, expires at: 1744425463984
[debug] [2025-04-12T01:38:48.070Z] Checked if tokens are valid: true, expires at: 1744425463984
[debug] [2025-04-12T01:38:48.070Z] >>> [apiv2][query] GET https://runtimeconfig.googleapis.com/v1beta1/projects/autolavado-38624/configs/google/variables/credentials [none]
[debug] [2025-04-12T01:38:48.204Z] <<< [apiv2][status] GET https://runtimeconfig.googleapis.com/v1beta1/projects/autolavado-38624/configs/google/variables/credentials 200
[debug] [2025-04-12T01:38:48.205Z] <<< [apiv2][body] GET https://runtimeconfig.googleapis.com/v1beta1/projects/autolavado-38624/configs/google/variables/credentials {"name":"projects/autolavado-38624/configs/google/variables/credentials","updateTime":"2025-03-05T07:46:43.456148174Z"}
[debug] [2025-04-12T01:38:48.208Z] Validating nodejs source
[debug] [2025-04-12T01:38:49.939Z] > [functions] package.json contents: {
  "name": "functions",
  "description": "Cloud Functions for Firebase",
  "main": "index.js",
  "scripts": {
    "lint": "eslint .",
    "serve": "firebase emulators:start --only functions",
    "shell": "firebase functions:shell",
    "start": "npm run shell",
    "deploy": "firebase deploy --only functions",
    "logs": "firebase functions:log"
  },
  "engines": {
    "node": "22"
  },
  "dependencies": {
    "bcryptjs": "^3.0.2",
    "cors": "^2.8.5",
    "firebase-admin": "^12.6.0",
    "firebase-functions": "^6.0.1",
    "jsonwebtoken": "^9.0.2"
  },
  "devDependencies": {
    "eslint": "^8.15.0",
    "eslint-config-google": "^0.14.0",
    "firebase-functions-test": "^3.1.0"
  },
  "private": true
}
[debug] [2025-04-12T01:38:49.939Z] Building nodejs source
[info] i  functions: Loading and analyzing source code for codebase default to determine what to deploy 
[debug] [2025-04-12T01:38:49.942Z] Could not find functions.yaml. Must use http discovery
[debug] [2025-04-12T01:38:49.959Z] Found firebase-functions binary at 'C:\Users\reny1\Documents\10mo cuatri\desarrollomovil\cloud_funcion\functions\node_modules\.bin\firebase-functions'
[info] Serving at port 8104

[debug] [2025-04-12T01:38:51.182Z] Got response from /__/functions.yaml {"endpoints":{"api":{"availableMemoryMb":null,"timeoutSeconds":null,"minInstances":null,"maxInstances":null,"ingressSettings":null,"concurrency":null,"serviceAccountEmail":null,"vpc":null,"platform":"gcfv2","labels":{},"httpsTrigger":{},"entryPoint":"api"}},"specVersion":"v1alpha1","requiredAPIs":[],"extensions":{}}
[info] i  extensions: ensuring required API firebaseextensions.googleapis.com is enabled... 
[debug] [2025-04-12T01:38:56.226Z] Checked if tokens are valid: true, expires at: 1744425463984
[debug] [2025-04-12T01:38:56.227Z] Checked if tokens are valid: true, expires at: 1744425463984
[debug] [2025-04-12T01:38:56.227Z] >>> [apiv2][query] GET https://serviceusage.googleapis.com/v1/projects/autolavado-38624/services/firebaseextensions.googleapis.com [none]
[debug] [2025-04-12T01:38:56.227Z] >>> [apiv2][(partial)header] GET https://serviceusage.googleapis.com/v1/projects/autolavado-38624/services/firebaseextensions.googleapis.com x-goog-quota-user=projects/autolavado-38624
[debug] [2025-04-12T01:38:56.645Z] <<< [apiv2][status] GET https://serviceusage.googleapis.com/v1/projects/autolavado-38624/services/firebaseextensions.googleapis.com 200
[debug] [2025-04-12T01:38:56.646Z] <<< [apiv2][body] GET https://serviceusage.googleapis.com/v1/projects/autolavado-38624/services/firebaseextensions.googleapis.com [omitted]
[info] +  extensions: required API firebaseextensions.googleapis.com is enabled 
[debug] [2025-04-12T01:38:56.646Z] > command requires scopes: ["email","openid","https://www.googleapis.com/auth/cloudplatformprojects.readonly","https://www.googleapis.com/auth/firebase","https://www.googleapis.com/auth/cloud-platform"]
[debug] [2025-04-12T01:38:56.646Z] > authorizing via signed-in user (2021371058@uteq.edu.mx)
[debug] [2025-04-12T01:38:56.647Z] [iam] checking project autolavado-38624 for permissions ["firebase.projects.get","firebaseextensions.instances.list"]
[debug] [2025-04-12T01:38:56.647Z] Checked if tokens are valid: true, expires at: 1744425463984
[debug] [2025-04-12T01:38:56.647Z] Checked if tokens are valid: true, expires at: 1744425463984
[debug] [2025-04-12T01:38:56.647Z] >>> [apiv2][query] POST https://cloudresourcemanager.googleapis.com/v1/projects/autolavado-38624:testIamPermissions [none]
[debug] [2025-04-12T01:38:56.647Z] >>> [apiv2][(partial)header] POST https://cloudresourcemanager.googleapis.com/v1/projects/autolavado-38624:testIamPermissions x-goog-quota-user=projects/autolavado-38624
[debug] [2025-04-12T01:38:56.647Z] >>> [apiv2][body] POST https://cloudresourcemanager.googleapis.com/v1/projects/autolavado-38624:testIamPermissions {"permissions":["firebase.projects.get","firebaseextensions.instances.list"]}
[debug] [2025-04-12T01:38:56.985Z] <<< [apiv2][status] POST https://cloudresourcemanager.googleapis.com/v1/projects/autolavado-38624:testIamPermissions 200
[debug] [2025-04-12T01:38:56.985Z] <<< [apiv2][body] POST https://cloudresourcemanager.googleapis.com/v1/projects/autolavado-38624:testIamPermissions {"permissions":["firebase.projects.get","firebaseextensions.instances.list"]}
[debug] [2025-04-12T01:38:56.986Z] Checked if tokens are valid: true, expires at: 1744425463984
[debug] [2025-04-12T01:38:56.986Z] Checked if tokens are valid: true, expires at: 1744425463984
[debug] [2025-04-12T01:38:56.987Z] >>> [apiv2][query] GET https://firebaseextensions.googleapis.com/v1beta/projects/autolavado-38624/instances pageSize=100&pageToken=
[debug] [2025-04-12T01:38:57.357Z] <<< [apiv2][status] GET https://firebaseextensions.googleapis.com/v1beta/projects/autolavado-38624/instances 200
[debug] [2025-04-12T01:38:57.357Z] <<< [apiv2][body] GET https://firebaseextensions.googleapis.com/v1beta/projects/autolavado-38624/instances {}
[info] i  functions: preparing functions directory for uploading... 
[info] i  functions: packaged C:\Users\reny1\Documents\10mo cuatri\desarrollomovil\cloud_funcion\functions (117.72 KB) for uploading 
[debug] [2025-04-12T01:38:57.553Z] Checked if tokens are valid: true, expires at: 1744425463984
[debug] [2025-04-12T01:38:57.553Z] Checked if tokens are valid: true, expires at: 1744425463984
[debug] [2025-04-12T01:38:57.553Z] >>> [apiv2][query] GET https://cloudfunctions.googleapis.com/v1/projects/autolavado-38624/locations/-/functions [none]
[debug] [2025-04-12T01:38:58.105Z] <<< [apiv2][status] GET https://cloudfunctions.googleapis.com/v1/projects/autolavado-38624/locations/-/functions 200
[debug] [2025-04-12T01:38:58.106Z] <<< [apiv2][body] GET https://cloudfunctions.googleapis.com/v1/projects/autolavado-38624/locations/-/functions {}
[debug] [2025-04-12T01:38:58.106Z] Checked if tokens are valid: true, expires at: 1744425463984
[debug] [2025-04-12T01:38:58.107Z] Checked if tokens are valid: true, expires at: 1744425463984
[debug] [2025-04-12T01:38:58.107Z] >>> [apiv2][query] GET https://cloudfunctions.googleapis.com/v2/projects/autolavado-38624/locations/-/functions filter=environment%3D%22GEN_2%22
[debug] [2025-04-12T01:38:58.486Z] <<< [apiv2][status] GET https://cloudfunctions.googleapis.com/v2/projects/autolavado-38624/locations/-/functions 200
[debug] [2025-04-12T01:38:58.486Z] <<< [apiv2][body] GET https://cloudfunctions.googleapis.com/v2/projects/autolavado-38624/locations/-/functions {"functions":[{"name":"projects/autolavado-38624/locations/us-central1/functions/api","buildConfig":{"build":"projects/64672048056/locations/us-central1/builds/84d91a0c-5e78-4eb1-bfdb-26a1fd2f945a","runtime":"nodejs22","entryPoint":"api","source":{"storageSource":{"bucket":"gcf-v2-sources-64672048056-us-central1","object":"api/function-source.zip","generation":"1744421877364998"}},"environmentVariables":{"GOOGLE_NODE_RUN_SCRIPTS":""},"dockerRepository":"projects/autolavado-38624/locations/us-central1/repositories/gcf-artifacts","serviceAccount":"projects/autolavado-38624/serviceAccounts/64672048056-compute@developer.gserviceaccount.com","automaticUpdatePolicy":{}},"serviceConfig":{"service":"projects/autolavado-38624/locations/us-central1/services/api","timeoutSeconds":60,"environmentVariables":{"FIREBASE_CONFIG":"{\"projectId\":\"autolavado-38624\",\"databaseURL\":\"https://autolavado-38624-default-rtdb.firebaseio.com\",\"storageBucket\":\"autolavado-38624.firebasestorage.app\"}","GCLOUD_PROJECT":"autolavado-38624","EVENTARC_CLOUD_EVENT_SOURCE":"projects/autolavado-38624/locations/us-central1/services/api","FUNCTION_TARGET":"api","LOG_EXECUTION_ID":"true"},"maxInstanceCount":3,"ingressSettings":"ALLOW_ALL","uri":"https://api-cog73kiucq-uc.a.run.app","serviceAccountEmail":"64672048056-compute@developer.gserviceaccount.com","availableMemory":"256Mi","allTrafficOnLatestRevision":true,"revision":"api-00031-buy","maxInstanceRequestConcurrency":80,"availableCpu":"1"},"state":"DEPLOYING","updateTime":"2025-04-12T01:37:57.451774981Z","labels":{"firebase-functions-hash":"4c7c9454a95eae17f5d03a3ac8d8f01b7225eff8","deployment-tool":"cli-firebase"},"environment":"GEN_2","url":"https://us-central1-autolavado-38624.cloudfunctions.net/api","createTime":"2025-03-20T05:48:14.134730574Z","satisfiesPzi":true}]}
[info] i  functions: ensuring required API run.googleapis.com is enabled... 
[debug] [2025-04-12T01:38:58.491Z] Checked if tokens are valid: true, expires at: 1744425463984
[debug] [2025-04-12T01:38:58.491Z] Checked if tokens are valid: true, expires at: 1744425463984
[info] i  functions: ensuring required API eventarc.googleapis.com is enabled... 
[debug] [2025-04-12T01:38:58.491Z] Checked if tokens are valid: true, expires at: 1744425463984
[debug] [2025-04-12T01:38:58.491Z] Checked if tokens are valid: true, expires at: 1744425463984
[info] i  functions: ensuring required API pubsub.googleapis.com is enabled... 
[debug] [2025-04-12T01:38:58.492Z] Checked if tokens are valid: true, expires at: 1744425463984
[debug] [2025-04-12T01:38:58.492Z] Checked if tokens are valid: true, expires at: 1744425463984
[info] i  functions: ensuring required API storage.googleapis.com is enabled... 
[debug] [2025-04-12T01:38:58.492Z] Checked if tokens are valid: true, expires at: 1744425463984
[debug] [2025-04-12T01:38:58.492Z] Checked if tokens are valid: true, expires at: 1744425463984
[debug] [2025-04-12T01:38:58.492Z] >>> [apiv2][query] GET https://serviceusage.googleapis.com/v1/projects/autolavado-38624/services/run.googleapis.com [none]
[debug] [2025-04-12T01:38:58.492Z] >>> [apiv2][(partial)header] GET https://serviceusage.googleapis.com/v1/projects/autolavado-38624/services/run.googleapis.com x-goog-quota-user=projects/autolavado-38624
[debug] [2025-04-12T01:38:58.493Z] >>> [apiv2][query] GET https://serviceusage.googleapis.com/v1/projects/autolavado-38624/services/eventarc.googleapis.com [none]
[debug] [2025-04-12T01:38:58.493Z] >>> [apiv2][(partial)header] GET https://serviceusage.googleapis.com/v1/projects/autolavado-38624/services/eventarc.googleapis.com x-goog-quota-user=projects/autolavado-38624
[debug] [2025-04-12T01:38:58.496Z] >>> [apiv2][query] GET https://serviceusage.googleapis.com/v1/projects/autolavado-38624/services/pubsub.googleapis.com [none]
[debug] [2025-04-12T01:38:58.496Z] >>> [apiv2][(partial)header] GET https://serviceusage.googleapis.com/v1/projects/autolavado-38624/services/pubsub.googleapis.com x-goog-quota-user=projects/autolavado-38624
[debug] [2025-04-12T01:38:58.498Z] >>> [apiv2][query] GET https://serviceusage.googleapis.com/v1/projects/autolavado-38624/services/storage.googleapis.com [none]
[debug] [2025-04-12T01:38:58.498Z] >>> [apiv2][(partial)header] GET https://serviceusage.googleapis.com/v1/projects/autolavado-38624/services/storage.googleapis.com x-goog-quota-user=projects/autolavado-38624
[debug] [2025-04-12T01:38:58.692Z] <<< [apiv2][status] GET https://serviceusage.googleapis.com/v1/projects/autolavado-38624/services/run.googleapis.com 200
[debug] [2025-04-12T01:38:58.692Z] <<< [apiv2][body] GET https://serviceusage.googleapis.com/v1/projects/autolavado-38624/services/run.googleapis.com [omitted]
[info] +  functions: required API run.googleapis.com is enabled 
[debug] [2025-04-12T01:38:58.900Z] <<< [apiv2][status] GET https://serviceusage.googleapis.com/v1/projects/autolavado-38624/services/eventarc.googleapis.com 200
[debug] [2025-04-12T01:38:58.900Z] <<< [apiv2][body] GET https://serviceusage.googleapis.com/v1/projects/autolavado-38624/services/eventarc.googleapis.com [omitted]
[info] +  functions: required API eventarc.googleapis.com is enabled 
[debug] [2025-04-12T01:38:58.910Z] <<< [apiv2][status] GET https://serviceusage.googleapis.com/v1/projects/autolavado-38624/services/pubsub.googleapis.com 200
[debug] [2025-04-12T01:38:58.911Z] <<< [apiv2][body] GET https://serviceusage.googleapis.com/v1/projects/autolavado-38624/services/pubsub.googleapis.com [omitted]
[info] +  functions: required API pubsub.googleapis.com is enabled 
[debug] [2025-04-12T01:38:58.911Z] <<< [apiv2][status] GET https://serviceusage.googleapis.com/v1/projects/autolavado-38624/services/storage.googleapis.com 200
[debug] [2025-04-12T01:38:58.912Z] <<< [apiv2][body] GET https://serviceusage.googleapis.com/v1/projects/autolavado-38624/services/storage.googleapis.com [omitted]
[info] +  functions: required API storage.googleapis.com is enabled 
[info] i  functions: generating the service identity for pubsub.googleapis.com... 
[debug] [2025-04-12T01:38:58.913Z] Checked if tokens are valid: true, expires at: 1744425463984
[debug] [2025-04-12T01:38:58.913Z] Checked if tokens are valid: true, expires at: 1744425463984
[info] i  functions: generating the service identity for eventarc.googleapis.com... 
[debug] [2025-04-12T01:38:58.914Z] Checked if tokens are valid: true, expires at: 1744425463984
[debug] [2025-04-12T01:38:58.914Z] Checked if tokens are valid: true, expires at: 1744425463984
[debug] [2025-04-12T01:38:58.914Z] >>> [apiv2][query] POST https://serviceusage.googleapis.com/v1beta1/projects/64672048056/services/pubsub.googleapis.com:generateServiceIdentity [none]
[debug] [2025-04-12T01:38:58.915Z] >>> [apiv2][query] POST https://serviceusage.googleapis.com/v1beta1/projects/64672048056/services/eventarc.googleapis.com:generateServiceIdentity [none]
[debug] [2025-04-12T01:38:59.130Z] <<< [apiv2][status] POST https://serviceusage.googleapis.com/v1beta1/projects/64672048056/services/eventarc.googleapis.com:generateServiceIdentity 200
[debug] [2025-04-12T01:38:59.130Z] <<< [apiv2][body] POST https://serviceusage.googleapis.com/v1beta1/projects/64672048056/services/eventarc.googleapis.com:generateServiceIdentity {"name":"operations/finished.DONE_OPERATION","done":true,"response":{"@type":"type.googleapis.com/google.api.serviceusage.v1beta1.ServiceIdentity","email":"service-64672048056@gcp-sa-eventarc.iam.gserviceaccount.com","uniqueId":"107561473280282806973"}}
[debug] [2025-04-12T01:38:59.139Z] <<< [apiv2][status] POST https://serviceusage.googleapis.com/v1beta1/projects/64672048056/services/pubsub.googleapis.com:generateServiceIdentity 200
[debug] [2025-04-12T01:38:59.139Z] <<< [apiv2][body] POST https://serviceusage.googleapis.com/v1beta1/projects/64672048056/services/pubsub.googleapis.com:generateServiceIdentity {"name":"operations/finished.DONE_OPERATION","done":true,"response":{"@type":"type.googleapis.com/google.api.serviceusage.v1beta1.ServiceIdentity","email":"service-64672048056@gcp-sa-pubsub.iam.gserviceaccount.com","uniqueId":"103313247411672784745"}}
[debug] [2025-04-12T01:38:59.141Z] Checked if tokens are valid: true, expires at: 1744425463984
[debug] [2025-04-12T01:38:59.141Z] Checked if tokens are valid: true, expires at: 1744425463984
[debug] [2025-04-12T01:38:59.142Z] >>> [apiv2][query] GET https://cloudresourcemanager.googleapis.com/v1/projects/autolavado-38624 [none]
[debug] [2025-04-12T01:38:59.243Z] <<< [apiv2][status] GET https://cloudresourcemanager.googleapis.com/v1/projects/autolavado-38624 200
[debug] [2025-04-12T01:38:59.244Z] <<< [apiv2][body] GET https://cloudresourcemanager.googleapis.com/v1/projects/autolavado-38624 {"projectNumber":"64672048056","projectId":"autolavado-38624","lifecycleState":"ACTIVE","name":"Autolavado","labels":{"firebase":"enabled","firebase-core":"disabled"},"createTime":"2025-02-25T17:24:20.688903Z","parent":{"type":"organization","id":"567567824885"}}
[debug] [2025-04-12T01:38:59.245Z] Checked if tokens are valid: true, expires at: 1744425463984
[debug] [2025-04-12T01:38:59.245Z] Checked if tokens are valid: true, expires at: 1744425463984
[debug] [2025-04-12T01:38:59.245Z] >>> [apiv2][query] GET https://cloudbilling.googleapis.com/v1/projects/autolavado-38624/billingInfo [none]
[debug] [2025-04-12T01:38:59.407Z] <<< [apiv2][status] GET https://cloudbilling.googleapis.com/v1/projects/autolavado-38624/billingInfo 200
[debug] [2025-04-12T01:38:59.407Z] <<< [apiv2][body] GET https://cloudbilling.googleapis.com/v1/projects/autolavado-38624/billingInfo {"name":"projects/autolavado-38624/billingInfo","projectId":"autolavado-38624","billingAccountName":"billingAccounts/01E5F4-192707-F2D5A2","billingEnabled":true}
[info] i  functions: updating Node.js 22 (2nd Gen) function api(us-central1)... 
[debug] [2025-04-12T01:38:59.412Z] Precondition failed. Cannot update a GCFv2 function without storage
[debug] [2025-04-12T01:38:59.415Z] Total Function Deployment time: 2
[debug] [2025-04-12T01:38:59.415Z] 1 Functions Deployed
[debug] [2025-04-12T01:38:59.415Z] 1 Functions Errored
[debug] [2025-04-12T01:38:59.415Z] 0 Function Deployments Aborted
[debug] [2025-04-12T01:38:59.415Z] Average Function Deployment time: 1
[info] 
[info] Functions deploy had errors with the following functions:
	api(us-central1)
[debug] [2025-04-12T01:38:59.418Z] Not printing URL for HTTPS function. Typically this means it didn't match a filter or we failed deployment
[info] i  functions: cleaning up build files... 
[debug] [2025-04-12T01:38:59.420Z] Checked if tokens are valid: true, expires at: 1744425463984
[debug] [2025-04-12T01:38:59.420Z] Checked if tokens are valid: true, expires at: 1744425463984
[debug] [2025-04-12T01:38:59.422Z] Checked if tokens are valid: true, expires at: 1744425463984
[debug] [2025-04-12T01:38:59.422Z] Checked if tokens are valid: true, expires at: 1744425463984
[debug] [2025-04-12T01:38:59.422Z] >>> [apiv2][query] DELETE https://artifactregistry.googleapis.com/v1beta2/projects/autolavado-38624/locations/us-central1/repositories/gcf-artifacts/packages/api [none]
[debug] [2025-04-12T01:38:59.424Z] >>> [apiv2][query] GET https://us.gcr.io/v2/autolavado-38624/gcf/us-central1/tags/list [none]
[debug] [2025-04-12T01:38:59.715Z] <<< [apiv2][status] DELETE https://artifactregistry.googleapis.com/v1beta2/projects/autolavado-38624/locations/us-central1/repositories/gcf-artifacts/packages/api 404
[debug] [2025-04-12T01:38:59.715Z] <<< [apiv2][body] DELETE https://artifactregistry.googleapis.com/v1beta2/projects/autolavado-38624/locations/us-central1/repositories/gcf-artifacts/packages/api {"error":{"code":404,"message":"Package \"projects/autolavado-38624/locations/us-central1/repositories/gcf-artifacts/packages/api\" was not found.","status":"NOT_FOUND"}}
[debug] [2025-04-12T01:38:59.983Z] <<< [apiv2][status] GET https://us.gcr.io/v2/autolavado-38624/gcf/us-central1/tags/list 404
[debug] [2025-04-12T01:38:59.984Z] <<< [apiv2][body] GET https://us.gcr.io/v2/autolavado-38624/gcf/us-central1/tags/list {"errors":[{"code":"NAME_UNKNOWN","message":"Repository \"us.gcr.io\" not found"}]}
[debug] [2025-04-12T01:38:59.984Z] Failed docker command with error  Request to https://us.gcr.io/v2/autolavado-38624/gcf/us-central1/tags/list had HTTP Error: 404, Not Found {"name":"FirebaseError","children":[],"context":{"body":{"errors":[{"code":"NAME_UNKNOWN","message":"Repository \"us.gcr.io\" not found"}],"error":{"message":"Not Found"}},"response":{"statusCode":404}},"exit":1,"message":"Request to https://us.gcr.io/v2/autolavado-38624/gcf/us-central1/tags/list had HTTP Error: 404, Not Found","status":404}
[debug] [2025-04-12T01:39:00.002Z] Checked if tokens are valid: true, expires at: 1744425463984
[debug] [2025-04-12T01:39:00.002Z] Checked if tokens are valid: true, expires at: 1744425463984
[debug] [2025-04-12T01:39:00.003Z] >>> [apiv2][query] GET https://us.gcr.io/v2/autolavado-38624/gcf/us-central1/tags/list [none]
[debug] [2025-04-12T01:39:00.143Z] <<< [apiv2][status] GET https://us.gcr.io/v2/autolavado-38624/gcf/us-central1/tags/list 404
[debug] [2025-04-12T01:39:00.143Z] <<< [apiv2][body] GET https://us.gcr.io/v2/autolavado-38624/gcf/us-central1/tags/list {"errors":[{"code":"NAME_UNKNOWN","message":"Repository \"us.gcr.io\" not found"}]}
[debug] [2025-04-12T01:39:00.143Z] Failed docker command with error  Request to https://us.gcr.io/v2/autolavado-38624/gcf/us-central1/tags/list had HTTP Error: 404, Not Found {"name":"FirebaseError","children":[],"context":{"body":{"errors":[{"code":"NAME_UNKNOWN","message":"Repository \"us.gcr.io\" not found"}],"error":{"message":"Not Found"}},"response":{"statusCode":404}},"exit":1,"message":"Request to https://us.gcr.io/v2/autolavado-38624/gcf/us-central1/tags/list had HTTP Error: 404, Not Found","status":404}
[debug] [2025-04-12T01:39:00.248Z] Checked if tokens are valid: true, expires at: 1744425463984
[debug] [2025-04-12T01:39:00.248Z] Checked if tokens are valid: true, expires at: 1744425463984
[debug] [2025-04-12T01:39:00.248Z] >>> [apiv2][query] GET https://us.gcr.io/v2/autolavado-38624/gcf/us-central1/tags/list [none]
[debug] [2025-04-12T01:39:00.404Z] <<< [apiv2][status] GET https://us.gcr.io/v2/autolavado-38624/gcf/us-central1/tags/list 404
[debug] [2025-04-12T01:39:00.404Z] <<< [apiv2][body] GET https://us.gcr.io/v2/autolavado-38624/gcf/us-central1/tags/list {"errors":[{"code":"NAME_UNKNOWN","message":"Repository \"us.gcr.io\" not found"}]}
[debug] [2025-04-12T01:39:00.404Z] Failed docker command with error  Request to https://us.gcr.io/v2/autolavado-38624/gcf/us-central1/tags/list had HTTP Error: 404, Not Found {"name":"FirebaseError","children":[],"context":{"body":{"errors":[{"code":"NAME_UNKNOWN","message":"Repository \"us.gcr.io\" not found"}],"error":{"message":"Not Found"}},"response":{"statusCode":404}},"exit":1,"message":"Request to https://us.gcr.io/v2/autolavado-38624/gcf/us-central1/tags/list had HTTP Error: 404, Not Found","status":404}
[warn] !  functions: Unhandled error cleaning up build images. This could result in a small monthly bill if not corrected. You can attempt to delete these images by redeploying or you can delete them manually at https://console.cloud.google.com/gcr/images/autolavado-38624/us/gcf 
[debug] [2025-04-12T01:39:00.405Z] Functions deploy failed.
[debug] [2025-04-12T01:39:00.405Z] {}
[debug] [2025-04-12T01:39:00.406Z] Error: Precondition failed
    at Fabricator.updateV2Function (C:\Users\reny1\AppData\Roaming\npm\node_modules\firebase-tools\lib\deploy\functions\release\fabricator.js:382:19)
    at Fabricator.updateEndpoint (C:\Users\reny1\AppData\Roaming\npm\node_modules\firebase-tools\lib\deploy\functions\release\fabricator.js:155:24)
    at C:\Users\reny1\AppData\Roaming\npm\node_modules\firebase-tools\lib\deploy\functions\release\fabricator.js:110:71
    at handle (C:\Users\reny1\AppData\Roaming\npm\node_modules\firebase-tools\lib\deploy\functions\release\fabricator.js:89:23)
    at Fabricator.applyChangeset (C:\Users\reny1\AppData\Roaming\npm\node_modules\firebase-tools\lib\deploy\functions\release\fabricator.js:110:26)
    at C:\Users\reny1\AppData\Roaming\npm\node_modules\firebase-tools\lib\deploy\functions\release\fabricator.js:69:40
    at Array.map (<anonymous>)
    at Fabricator.applyPlan (C:\Users\reny1\AppData\Roaming\npm\node_modules\firebase-tools\lib\deploy\functions\release\fabricator.js:68:54)
    at release (C:\Users\reny1\AppData\Roaming\npm\node_modules\firebase-tools\lib\deploy\functions\release\index.js:76:31)
    at process.processTicksAndRejections (node:internal/process/task_queues:95:5)
[error] 
[error] Error: There was an error deploying functions
